#
# There is insufficient memory for the Java Runtime Environment to continue.
# Native memory allocation (malloc) failed to allocate 1754416 bytes. Error detail: Chunk::new
# Possible reasons:
#   The system is out of physical RAM or swap space
#   This process is running with CompressedOops enabled, and the Java Heap may be blocking the growth of the native heap
# Possible solutions:
#   Reduce memory load on the system
#   Increase physical memory or swap space
#   Check if swap backing store is full
#   Decrease Java heap size (-Xmx/-Xms)
#   Decrease number of Java threads
#   Decrease Java thread stack sizes (-Xss)
#   Set larger code cache with -XX:ReservedCodeCacheSize=
#   JVM is running with Unscaled Compressed Oops mode in which the Java heap is
#     placed in the first 4GB address space. The Java Heap base address is the
#     maximum limit for the native heap growth. Please use -XX:HeapBaseMinAddress
#     to set the Java Heap base and to place the Java Heap above 4GB virtual address.
# This output file may be truncated or incomplete.
#
#  Out of Memory Error (arena.cpp:168), pid=22840, tid=12092
#
# JRE version: OpenJDK Runtime Environment Temurin-21.0.10+7 (21.0.10+7) (build 21.0.10+7-LTS)
# Java VM: OpenJDK 64-Bit Server VM Temurin-21.0.10+7 (21.0.10+7-LTS, mixed mode, sharing, tiered, compressed oops, compressed class ptrs, parallel gc, windows-amd64)
# No core dump will be written. Minidumps are not enabled by default on client versions of Windows
#

---------------  S U M M A R Y ------------

Command Line: --add-modules=ALL-SYSTEM --add-opens=java.base/java.util=ALL-UNNAMED --add-opens=java.base/java.lang=ALL-UNNAMED --add-opens=java.base/sun.nio.fs=ALL-UNNAMED -Declipse.application=org.eclipse.jdt.ls.core.id1 -Dosgi.bundles.defaultStartLevel=4 -Declipse.product=org.eclipse.jdt.ls.core.product -Djava.import.generatesMetadataFilesAtProjectRoot=false -DDetectVMInstallationsJob.disabled=true -Dfile.encoding=utf8 -XX:+UseParallelGC -XX:GCTimeRatio=4 -XX:AdaptiveSizePolicyWeight=90 -Dsun.zip.disableMemoryMapping=true -Xmx2G -Xms100m -Xlog:disable -javaagent:c:\Users\moham\.cursor\extensions\redhat.java-1.53.0-win32-x64\lombok\lombok-1.18.39-4050.jar -XX:+HeapDumpOnOutOfMemoryError -XX:HeapDumpPath=c:\Users\moham\AppData\Roaming\Cursor\User\workspaceStorage\c7de12cd94fc7e9a986f03314c767550\redhat.java -Daether.dependencyCollector.impl=bf c:\Users\moham\.cursor\extensions\redhat.java-1.53.0-win32-x64\server\plugins\org.eclipse.equinox.launcher_1.7.100.v20251111-0406.jar -configuration c:\Users\moham\AppData\Roaming\Cursor\User\globalStorage\redhat.java\1.53.0\config_win -data c:\Users\moham\AppData\Roaming\Cursor\User\workspaceStorage\c7de12cd94fc7e9a986f03314c767550\redhat.java\jdt_ws --pipe=\\.\pipe\lsp-8ed3799a3b6c56ebe27a55d8b791cca6-sock

Host: 11th Gen Intel(R) Core(TM) i5-1135G7 @ 2.40GHz, 8 cores, 7G,  Windows 11 , 64 bit Build 26100 (10.0.26100.7309)
Time: Fri Mar 20 17:35:36 2026 Paris, Madrid elapsed time: 12.175599 seconds (0d 0h 0m 12s)

---------------  T H R E A D  ---------------

Current thread (0x000002b7b5a9e9d0):  JavaThread "C2 CompilerThread0" daemon [_thread_in_native, id=12092, stack(0x000000b7b6500000,0x000000b7b6600000) (1024K)]


Current CompileTask:
C2:12175 5282   !   4       org.eclipse.osgi.internal.loader.classpath.ClasspathManager::defineClass (636 bytes)

Stack: [0x000000b7b6500000,0x000000b7b6600000]
Native frames: (J=compiled Java code, j=interpreted, Vv=VM code, C=native code)
V  [jvm.dll+0x6d7a39]
V  [jvm.dll+0x8b4b26]
V  [jvm.dll+0x8b70de]
V  [jvm.dll+0x8b77c3]
V  [jvm.dll+0x284346]
V  [jvm.dll+0xc66ed]
V  [jvm.dll+0xc6c31]
V  [jvm.dll+0x3bec01]
V  [jvm.dll+0x38b162]
V  [jvm.dll+0x38a5aa]
V  [jvm.dll+0x24c560]
V  [jvm.dll+0x24bb40]
V  [jvm.dll+0x1cb34e]
V  [jvm.dll+0x25b85d]
V  [jvm.dll+0x259dea]
V  [jvm.dll+0x3f857e]
V  [jvm.dll+0x85f59d]
V  [jvm.dll+0x6d626d]
C  [ucrtbase.dll+0x37b0]
C  [KERNEL32.DLL+0x2e8d7]
C  [ntdll.dll+0x8c53c]


---------------  P R O C E S S  ---------------

Threads class SMR info:
_java_thread_list=0x000002b7ff56b470, length=43, elements={
0x000002b79d0c4350, 0x000002b79d17a7a0, 0x000002b79d17db30, 0x000002b7b5a93f60,
0x000002b7b5a95c90, 0x000002b7b5a98960, 0x000002b7b5a9bb80, 0x000002b7b5a9e9d0,
0x000002b7f8586ea0, 0x000002b7f877cc00, 0x000002b7f88602b0, 0x000002b7fd8d6d10,
0x000002b7fd914ee0, 0x000002b7fd91b3b0, 0x000002b7fd4f9530, 0x000002b7fdc48fc0,
0x000002b7fd9e1b20, 0x000002b7fd2c4bc0, 0x000002b7fdbff690, 0x000002b7fdbfd5c0,
0x000002b7fdbfdc50, 0x000002b7f8807020, 0x000002b7fdbffd20, 0x000002b7fdbfe2e0,
0x000002b7fdbfe970, 0x000002b7fdbff000, 0x000002b7fdbfc8a0, 0x000002b780a579c0,
0x000002b780a56ca0, 0x000002b780a57330, 0x000002b780a58050, 0x000002b780a58d70,
0x000002b780a586e0, 0x000002b780a59400, 0x000002b780a59a90, 0x000002b780a56610,
0x000002b780a5bb60, 0x000002b780a5b4d0, 0x000002b780a5c880, 0x000002b780a5ae40,
0x000002b780a5d5a0, 0x000002b780a5c1f0, 0x000002b780a5dc30
}

Java Threads: ( => current thread )
  0x000002b79d0c4350 JavaThread "main"                              [_thread_blocked, id=6180, stack(0x000000b7b5b00000,0x000000b7b5c00000) (1024K)]
  0x000002b79d17a7a0 JavaThread "Reference Handler"          daemon [_thread_blocked, id=21464, stack(0x000000b7b5f00000,0x000000b7b6000000) (1024K)]
  0x000002b79d17db30 JavaThread "Finalizer"                  daemon [_thread_blocked, id=24016, stack(0x000000b7b6000000,0x000000b7b6100000) (1024K)]
  0x000002b7b5a93f60 JavaThread "Signal Dispatcher"          daemon [_thread_blocked, id=24356, stack(0x000000b7b6100000,0x000000b7b6200000) (1024K)]
  0x000002b7b5a95c90 JavaThread "Attach Listener"            daemon [_thread_blocked, id=11764, stack(0x000000b7b6200000,0x000000b7b6300000) (1024K)]
  0x000002b7b5a98960 JavaThread "Service Thread"             daemon [_thread_blocked, id=14636, stack(0x000000b7b6300000,0x000000b7b6400000) (1024K)]
  0x000002b7b5a9bb80 JavaThread "Monitor Deflation Thread"   daemon [_thread_blocked, id=15484, stack(0x000000b7b6400000,0x000000b7b6500000) (1024K)]
=>0x000002b7b5a9e9d0 JavaThread "C2 CompilerThread0"         daemon [_thread_in_native, id=12092, stack(0x000000b7b6500000,0x000000b7b6600000) (1024K)]
  0x000002b7f8586ea0 JavaThread "C1 CompilerThread0"         daemon [_thread_blocked, id=3028, stack(0x000000b7b6600000,0x000000b7b6700000) (1024K)]
  0x000002b7f877cc00 JavaThread "Common-Cleaner"             daemon [_thread_blocked, id=3612, stack(0x000000b7b6800000,0x000000b7b6900000) (1024K)]
  0x000002b7f88602b0 JavaThread "Notification Thread"        daemon [_thread_blocked, id=6672, stack(0x000000b7b6700000,0x000000b7b6800000) (1024K)]
  0x000002b7fd8d6d10 JavaThread "Active Thread: Equinox Container: c1e249c5-68bf-4c78-91c8-e3b961cbbfd3"        [_thread_blocked, id=11632, stack(0x000000b7b7100000,0x000000b7b7200000) (1024K)]
  0x000002b7fd914ee0 JavaThread "Refresh Thread: Equinox Container: c1e249c5-68bf-4c78-91c8-e3b961cbbfd3" daemon [_thread_blocked, id=8968, stack(0x000000b7b7200000,0x000000b7b7300000) (1024K)]
  0x000002b7fd91b3b0 JavaThread "Framework Event Dispatcher: Equinox Container: c1e249c5-68bf-4c78-91c8-e3b961cbbfd3" daemon [_thread_blocked, id=22680, stack(0x000000b7b7300000,0x000000b7b7400000) (1024K)]
  0x000002b7fd4f9530 JavaThread "Start Level: Equinox Container: c1e249c5-68bf-4c78-91c8-e3b961cbbfd3" daemon [_thread_blocked, id=23200, stack(0x000000b7b7400000,0x000000b7b7500000) (1024K)]
  0x000002b7fdc48fc0 JavaThread "Bundle File Closer"         daemon [_thread_blocked, id=12096, stack(0x000000b7b6900000,0x000000b7b6a00000) (1024K)]
  0x000002b7fd9e1b20 JavaThread "SCR Component Actor"        daemon [_thread_blocked, id=8628, stack(0x000000b7b7500000,0x000000b7b7600000) (1024K)]
  0x000002b7fd2c4bc0 JavaThread "Worker-JM"                         [_thread_blocked, id=22432, stack(0x000000b7b7700000,0x000000b7b7800000) (1024K)]
  0x000002b7fdbff690 JavaThread "JNA Cleaner"                daemon [_thread_blocked, id=24256, stack(0x000000b7b7600000,0x000000b7b7700000) (1024K)]
  0x000002b7fdbfd5c0 JavaThread "Worker-0: Initialize After Load"        [_thread_in_vm, id=15292, stack(0x000000b7b7800000,0x000000b7b7900000) (1024K)]
  0x000002b7fdbfdc50 JavaThread "Worker-1"                          [_thread_blocked, id=23700, stack(0x000000b7b7900000,0x000000b7b7a00000) (1024K)]
  0x000002b7f8807020 JavaThread "C2 CompilerThread1"         daemon [_thread_in_native, id=11996, stack(0x000000b7b7a00000,0x000000b7b7b00000) (1024K)]
  0x000002b7fdbffd20 JavaThread "Java indexing"              daemon [_thread_blocked, id=1624, stack(0x000000b7b7b00000,0x000000b7b7c00000) (1024K)]
  0x000002b7fdbfe2e0 JavaThread "Worker-2"                          [_thread_blocked, id=22060, stack(0x000000b7b7e00000,0x000000b7b7f00000) (1024K)]
  0x000002b7fdbfe970 JavaThread "Worker-3"                          [_thread_blocked, id=15000, stack(0x000000b7b7f00000,0x000000b7b8000000) (1024K)]
  0x000002b7fdbff000 JavaThread "Thread-1"                   daemon [_thread_in_native, id=23108, stack(0x000000b7b8000000,0x000000b7b8100000) (1024K)]
  0x000002b7fdbfc8a0 JavaThread "Thread-2"                   daemon [_thread_in_native, id=19184, stack(0x000000b7b8100000,0x000000b7b8200000) (1024K)]
  0x000002b780a579c0 JavaThread "Thread-3"                   daemon [_thread_in_native, id=23852, stack(0x000000b7b8200000,0x000000b7b8300000) (1024K)]
  0x000002b780a56ca0 JavaThread "Thread-4"                   daemon [_thread_in_native, id=10300, stack(0x000000b7b8300000,0x000000b7b8400000) (1024K)]
  0x000002b780a57330 JavaThread "Thread-5"                   daemon [_thread_in_native, id=15564, stack(0x000000b7b8400000,0x000000b7b8500000) (1024K)]
  0x000002b780a58050 JavaThread "Thread-6"                   daemon [_thread_in_native, id=17192, stack(0x000000b7b8500000,0x000000b7b8600000) (1024K)]
  0x000002b780a58d70 JavaThread "Thread-7"                   daemon [_thread_in_native, id=380, stack(0x000000b7b8600000,0x000000b7b8700000) (1024K)]
  0x000002b780a586e0 JavaThread "Thread-8"                   daemon [_thread_in_native, id=9800, stack(0x000000b7b8700000,0x000000b7b8800000) (1024K)]
  0x000002b780a59400 JavaThread "Thread-9"                   daemon [_thread_in_native, id=10584, stack(0x000000b7b8800000,0x000000b7b8900000) (1024K)]
  0x000002b780a59a90 JavaThread "Worker-4"                          [_thread_blocked, id=24372, stack(0x000000b7b8900000,0x000000b7b8a00000) (1024K)]
  0x000002b780a56610 JavaThread "pool-2-thread-1"                   [_thread_blocked, id=11288, stack(0x000000b7b8a00000,0x000000b7b8b00000) (1024K)]
  0x000002b780a5bb60 JavaThread "Worker-5: Synchronize Gradle projects with workspace"        [_thread_blocked, id=7332, stack(0x000000b7b8b00000,0x000000b7b8c00000) (1024K)]
  0x000002b780a5b4d0 JavaThread "Timer-0"                           [_thread_blocked, id=21088, stack(0x000000b7b8c00000,0x000000b7b8d00000) (1024K)]
  0x000002b780a5c880 JavaThread "Timer-1"                           [_thread_blocked, id=17608, stack(0x000000b7b8d00000,0x000000b7b8e00000) (1024K)]
  0x000002b780a5ae40 JavaThread "Worker-6"                          [_thread_blocked, id=23864, stack(0x000000b7b8e00000,0x000000b7b8f00000) (1024K)]
  0x000002b780a5d5a0 JavaThread "WorkspaceEventsHandler"            [_thread_blocked, id=20212, stack(0x000000b7b8f00000,0x000000b7b9000000) (1024K)]
  0x000002b780a5c1f0 JavaThread "pool-1-thread-1"                   [_thread_blocked, id=21164, stack(0x000000b7b9000000,0x000000b7b9100000) (1024K)]
  0x000002b780a5dc30 JavaThread "Connection worker"                 [_thread_in_native, id=7836, stack(0x000000b7b9100000,0x000000b7b9200000) (1024K)]
Total: 43

Other Threads:
  0x000002b79d15ec00 VMThread "VM Thread"                           [id=5380, stack(0x000000b7b5e00000,0x000000b7b5f00000) (1024K)]
  0x000002b7b59ac950 WatcherThread "VM Periodic Task Thread"        [id=12848, stack(0x000000b7b5d00000,0x000000b7b5e00000) (1024K)]
  0x000002b79d0e3ce0 WorkerThread "GC Thread#0"                     [id=8436, stack(0x000000b7b5c00000,0x000000b7b5d00000) (1024K)]
  0x000002b7fd350bd0 WorkerThread "GC Thread#1"                     [id=21408, stack(0x000000b7b6b00000,0x000000b7b6c00000) (1024K)]
  0x000002b7fd350f80 WorkerThread "GC Thread#2"                     [id=23400, stack(0x000000b7b6c00000,0x000000b7b6d00000) (1024K)]
  0x000002b7fd00e120 WorkerThread "GC Thread#3"                     [id=11244, stack(0x000000b7b6d00000,0x000000b7b6e00000) (1024K)]
  0x000002b7fd00e4d0 WorkerThread "GC Thread#4"                     [id=22772, stack(0x000000b7b6e00000,0x000000b7b6f00000) (1024K)]
  0x000002b7fd00e880 WorkerThread "GC Thread#5"                     [id=19956, stack(0x000000b7b6f00000,0x000000b7b7000000) (1024K)]
  0x000002b7fd00ec30 WorkerThread "GC Thread#6"                     [id=11332, stack(0x000000b7b7000000,0x000000b7b7100000) (1024K)]
  0x000002b7fda57c20 WorkerThread "GC Thread#7"                     [id=20760, stack(0x000000b7b6a00000,0x000000b7b6b00000) (1024K)]
Total: 10

Threads with active compile tasks:
C2 CompilerThread0  12213 5282   !   4       org.eclipse.osgi.internal.loader.classpath.ClasspathManager::defineClass (636 bytes)
C2 CompilerThread1  12213 6056 %     4       java.util.Properties::loadConvert @ 8 (540 bytes)
Total: 2

VM state: not at safepoint (normal execution)

VM Mutex/Monitor currently owned by a thread: None

Heap address: 0x0000000080000000, size: 2048 MB, Compressed Oops mode: 32-bit

CDS archive(s) mapped at: [0x000002b7b6000000-0x000002b7b6ba0000-0x000002b7b6ba0000), size 12189696, SharedBaseAddress: 0x000002b7b6000000, ArchiveRelocationMode: 1.
Compressed class space mapped at: 0x000002b7b7000000-0x000002b7f7000000, reserved size: 1073741824
Narrow klass base: 0x000002b7b6000000, Narrow klass shift: 0, Narrow klass range: 0x100000000

GC Precious Log:
 CardTable entry size: 512
 CPUs: 8 total, 8 available
 Memory: 7831M
 Large Page Support: Disabled
 NUMA Support: Disabled
 Compressed Oops: Enabled (32-bit)
 Alignments: Space 512K, Generation 512K, Heap 2M
 Heap Min Capacity: 100M
 Heap Initial Capacity: 100M
 Heap Max Capacity: 2G
 Pre-touch: Disabled
 Parallel Workers: 8

Heap:
 PSYoungGen      total 23040K, used 17081K [0x00000000d5580000, 0x00000000d7680000, 0x0000000100000000)
  eden space 21504K, 72% used [0x00000000d5580000,0x00000000d64b15b0,0x00000000d6a80000)
  from space 1536K, 99% used [0x00000000d6b00000,0x00000000d6c7d1c8,0x00000000d6c80000)
  to   space 6144K, 0% used [0x00000000d7080000,0x00000000d7080000,0x00000000d7680000)
 ParOldGen       total 68608K, used 34493K [0x0000000080000000, 0x0000000084300000, 0x00000000d5580000)
  object space 68608K, 50% used [0x0000000080000000,0x00000000821af6b8,0x0000000084300000)
 Metaspace       used 48862K, committed 49984K, reserved 1114112K
  class space    used 5676K, committed 6208K, reserved 1048576K

Card table byte_map: [0x000002b7b0de0000,0x000002b7b11f0000] _byte_map_base: 0x000002b7b09e0000

Marking Bits: (ParMarkBitMap*) 0x00007ffba9bd3450
 Begin Bits: [0x000002b7b14a0000, 0x000002b7b34a0000)
 End Bits:   [0x000002b7b34a0000, 0x000002b7b54a0000)

Polling page: 0x000002b79d180000

Metaspace:

Usage:
  Non-class:     42.17 MB used.
      Class:      5.54 MB used.
       Both:     47.72 MB used.

Virtual space:
  Non-class space:       64.00 MB reserved,      42.75 MB ( 67%) committed,  1 nodes.
      Class space:        1.00 GB reserved,       6.06 MB ( <1%) committed,  1 nodes.
             Both:        1.06 GB reserved,      48.81 MB (  4%) committed. 

Chunk freelists:
   Non-Class:  5.19 MB
       Class:  9.88 MB
        Both:  15.07 MB

MaxMetaspaceSize: unlimited
CompressedClassSpaceSize: 1.00 GB
Initial GC threshold: 21.00 MB
Current GC threshold: 58.38 MB
CDS: on
 - commit_granule_bytes: 65536.
 - commit_granule_words: 8192.
 - virtual_space_node_default_size: 8388608.
 - enlarge_chunks_in_place: 1.
 - use_allocation_guard: 0.


Internal statistics:

num_allocs_failed_limit: 6.
num_arena_births: 842.
num_arena_deaths: 14.
num_vsnodes_births: 2.
num_vsnodes_deaths: 0.
num_space_committed: 781.
num_space_uncommitted: 0.
num_chunks_returned_to_freelist: 20.
num_chunks_taken_from_freelist: 3106.
num_chunk_merges: 9.
num_chunk_splits: 1894.
num_chunks_enlarged: 1048.
num_inconsistent_stats: 0.

CodeHeap 'non-profiled nmethods': size=120000Kb used=2452Kb max_used=2452Kb free=117547Kb
 bounds [0x000002b7a96d0000, 0x000002b7a9940000, 0x000002b7b0c00000]
CodeHeap 'profiled nmethods': size=120000Kb used=11430Kb max_used=11430Kb free=108570Kb
 bounds [0x000002b7a1c00000, 0x000002b7a2730000, 0x000002b7a9130000]
CodeHeap 'non-nmethods': size=5760Kb used=1380Kb max_used=1447Kb free=4379Kb
 bounds [0x000002b7a9130000, 0x000002b7a93a0000, 0x000002b7a96d0000]
CodeCache: size=245760Kb, used=15262Kb, max_used=15329Kb, free=230496Kb
 total_blobs=6205, nmethods=5534, adapters=577, full_count=0
Compilation: enabled, stopped_count=0, restarted_count=0

Compilation events (20 events):
Event: 12.167 Thread 0x000002b7f8586ea0 6064       2       com.sun.org.apache.xerces.internal.impl.XMLDocumentFragmentScannerImpl::getPropertyDefault (36 bytes)
Event: 12.168 Thread 0x000002b7f8586ea0 nmethod 6064 0x000002b7a271b110 code [0x000002b7a271b2e0, 0x000002b7a271b4f0]
Event: 12.168 Thread 0x000002b7f8586ea0 6065       2       com.sun.org.apache.xerces.internal.impl.XMLEntityManager$RewindableInputStream::readAndBuffer (97 bytes)
Event: 12.168 Thread 0x000002b7f8586ea0 nmethod 6065 0x000002b7a271b610 code [0x000002b7a271b7e0, 0x000002b7a271bb18]
Event: 12.168 Thread 0x000002b7f8586ea0 6068       2       com.sun.org.apache.xerces.internal.impl.XMLEntityScanner::invokeListeners (37 bytes)
Event: 12.169 Thread 0x000002b7f8586ea0 nmethod 6068 0x000002b7a271bc90 code [0x000002b7a271be60, 0x000002b7a271c0e0]
Event: 12.169 Thread 0x000002b7f8586ea0 6066       2       com.sun.org.apache.xerces.internal.impl.XMLEntityManager$RewindableInputStream::read (168 bytes)
Event: 12.169 Thread 0x000002b7f8807020 nmethod 6012 0x000002b7a9932610 code [0x000002b7a9932940, 0x000002b7a99338d0]
Event: 12.169 Thread 0x000002b7f8807020 6056 %     4       java.util.Properties::loadConvert @ 8 (540 bytes)
Event: 12.169 Thread 0x000002b7f8586ea0 nmethod 6066 0x000002b7a271c310 code [0x000002b7a271c500, 0x000002b7a271c900]
Event: 12.169 Thread 0x000002b7f8586ea0 6072       2       com.sun.org.apache.xerces.internal.dom.NamedNodeMapImpl::findNamePoint (105 bytes)
Event: 12.170 Thread 0x000002b7f8586ea0 nmethod 6072 0x000002b7a271ca90 code [0x000002b7a271cc80, 0x000002b7a271cfd8]
Event: 12.170 Thread 0x000002b7f8586ea0 6070       2       com.sun.org.apache.xerces.internal.dom.NodeImpl::needsSyncData (26 bytes)
Event: 12.170 Thread 0x000002b7f8586ea0 nmethod 6070 0x000002b7a271d190 code [0x000002b7a271d320, 0x000002b7a271d448]
Event: 12.170 Thread 0x000002b7f8586ea0 6071       2       com.sun.org.apache.xerces.internal.dom.NodeImpl::isNormalized (17 bytes)
Event: 12.170 Thread 0x000002b7f8586ea0 nmethod 6071 0x000002b7a271d510 code [0x000002b7a271d6a0, 0x000002b7a271d7c0]
Event: 12.170 Thread 0x000002b7f8586ea0 6067       2       com.sun.org.apache.xerces.internal.impl.XMLDocumentFragmentScannerImpl$ElementStack::nextElement (129 bytes)
Event: 12.170 Thread 0x000002b7f8586ea0 nmethod 6067 0x000002b7a271d890 code [0x000002b7a271da60, 0x000002b7a271df18]
Event: 12.170 Thread 0x000002b7f8586ea0 6069  s    1       java.util.Vector::size (5 bytes)
Event: 12.171 Thread 0x000002b7f8586ea0 nmethod 6069 0x000002b7a9934390 code [0x000002b7a9934520, 0x000002b7a99346a8]

GC Heap History (20 events):
Event: 10.209 GC heap before
{Heap before GC invocations=14 (full 1):
 PSYoungGen      total 24064K, used 7639K [0x00000000d5580000, 0x00000000d7100000, 0x0000000100000000)
  eden space 22016K, 25% used [0x00000000d5580000,0x00000000d5b09f38,0x00000000d6b00000)
  from space 2048K, 96% used [0x00000000d6f00000,0x00000000d70ec010,0x00000000d7100000)
  to   space 2048K, 0% used [0x00000000d6d00000,0x00000000d6d00000,0x00000000d6f00000)
 ParOldGen       total 68608K, used 18045K [0x0000000080000000, 0x0000000084300000, 0x00000000d5580000)
  object space 68608K, 26% used [0x0000000080000000,0x000000008119f4d0,0x0000000084300000)
 Metaspace       used 34796K, committed 35840K, reserved 1114112K
  class space    used 3631K, committed 4096K, reserved 1048576K
}
Event: 10.211 GC heap after
{Heap after GC invocations=14 (full 1):
 PSYoungGen      total 22528K, used 352K [0x00000000d5580000, 0x00000000d6f80000, 0x0000000100000000)
  eden space 22016K, 0% used [0x00000000d5580000,0x00000000d5580000,0x00000000d6b00000)
  from space 512K, 68% used [0x00000000d6d00000,0x00000000d6d58000,0x00000000d6d80000)
  to   space 1024K, 0% used [0x00000000d6e80000,0x00000000d6e80000,0x00000000d6f80000)
 ParOldGen       total 68608K, used 19835K [0x0000000080000000, 0x0000000084300000, 0x00000000d5580000)
  object space 68608K, 28% used [0x0000000080000000,0x000000008135ee30,0x0000000084300000)
 Metaspace       used 34796K, committed 35840K, reserved 1114112K
  class space    used 3631K, committed 4096K, reserved 1048576K
}
Event: 10.211 GC heap before
{Heap before GC invocations=15 (full 2):
 PSYoungGen      total 22528K, used 352K [0x00000000d5580000, 0x00000000d6f80000, 0x0000000100000000)
  eden space 22016K, 0% used [0x00000000d5580000,0x00000000d5580000,0x00000000d6b00000)
  from space 512K, 68% used [0x00000000d6d00000,0x00000000d6d58000,0x00000000d6d80000)
  to   space 1024K, 0% used [0x00000000d6e80000,0x00000000d6e80000,0x00000000d6f80000)
 ParOldGen       total 68608K, used 19835K [0x0000000080000000, 0x0000000084300000, 0x00000000d5580000)
  object space 68608K, 28% used [0x0000000080000000,0x000000008135ee30,0x0000000084300000)
 Metaspace       used 34796K, committed 35840K, reserved 1114112K
  class space    used 3631K, committed 4096K, reserved 1048576K
}
Event: 10.251 GC heap after
{Heap after GC invocations=15 (full 2):
 PSYoungGen      total 22528K, used 0K [0x00000000d5580000, 0x00000000d6f80000, 0x0000000100000000)
  eden space 22016K, 0% used [0x00000000d5580000,0x00000000d5580000,0x00000000d6b00000)
  from space 512K, 0% used [0x00000000d6d00000,0x00000000d6d00000,0x00000000d6d80000)
  to   space 1024K, 0% used [0x00000000d6e80000,0x00000000d6e80000,0x00000000d6f80000)
 ParOldGen       total 68608K, used 19266K [0x0000000080000000, 0x0000000084300000, 0x00000000d5580000)
  object space 68608K, 28% used [0x0000000080000000,0x00000000812d0b60,0x0000000084300000)
 Metaspace       used 34796K, committed 35840K, reserved 1114112K
  class space    used 3631K, committed 4096K, reserved 1048576K
}
Event: 10.412 GC heap before
{Heap before GC invocations=16 (full 2):
 PSYoungGen      total 22528K, used 22016K [0x00000000d5580000, 0x00000000d6f80000, 0x0000000100000000)
  eden space 22016K, 100% used [0x00000000d5580000,0x00000000d6b00000,0x00000000d6b00000)
  from space 512K, 0% used [0x00000000d6d00000,0x00000000d6d00000,0x00000000d6d80000)
  to   space 1024K, 0% used [0x00000000d6e80000,0x00000000d6e80000,0x00000000d6f80000)
 ParOldGen       total 68608K, used 19266K [0x0000000080000000, 0x0000000084300000, 0x00000000d5580000)
  object space 68608K, 28% used [0x0000000080000000,0x00000000812d0b60,0x0000000084300000)
 Metaspace       used 37188K, committed 38208K, reserved 1114112K
  class space    used 3964K, committed 4416K, reserved 1048576K
}
Event: 10.414 GC heap after
{Heap after GC invocations=16 (full 2):
 PSYoungGen      total 23040K, used 800K [0x00000000d5580000, 0x00000000d6f80000, 0x0000000100000000)
  eden space 22016K, 0% used [0x00000000d5580000,0x00000000d5580000,0x00000000d6b00000)
  from space 1024K, 78% used [0x00000000d6e80000,0x00000000d6f48000,0x00000000d6f80000)
  to   space 1024K, 0% used [0x00000000d6d80000,0x00000000d6d80000,0x00000000d6e80000)
 ParOldGen       total 68608K, used 19274K [0x0000000080000000, 0x0000000084300000, 0x00000000d5580000)
  object space 68608K, 28% used [0x0000000080000000,0x00000000812d2b60,0x0000000084300000)
 Metaspace       used 37188K, committed 38208K, reserved 1114112K
  class space    used 3964K, committed 4416K, reserved 1048576K
}
Event: 10.671 GC heap before
{Heap before GC invocations=17 (full 2):
 PSYoungGen      total 23040K, used 22816K [0x00000000d5580000, 0x00000000d6f80000, 0x0000000100000000)
  eden space 22016K, 100% used [0x00000000d5580000,0x00000000d6b00000,0x00000000d6b00000)
  from space 1024K, 78% used [0x00000000d6e80000,0x00000000d6f48000,0x00000000d6f80000)
  to   space 1024K, 0% used [0x00000000d6d80000,0x00000000d6d80000,0x00000000d6e80000)
 ParOldGen       total 68608K, used 19289K [0x0000000080000000, 0x0000000084300000, 0x00000000d5580000)
  object space 68608K, 28% used [0x0000000080000000,0x00000000812d6770,0x0000000084300000)
 Metaspace       used 38881K, committed 39936K, reserved 1114112K
  class space    used 4222K, committed 4736K, reserved 1048576K
}
Event: 10.674 GC heap after
{Heap after GC invocations=17 (full 2):
 PSYoungGen      total 23040K, used 997K [0x00000000d5580000, 0x00000000d7200000, 0x0000000100000000)
  eden space 22016K, 0% used [0x00000000d5580000,0x00000000d5580000,0x00000000d6b00000)
  from space 1024K, 97% used [0x00000000d6d80000,0x00000000d6e79628,0x00000000d6e80000)
  to   space 3584K, 0% used [0x00000000d6e80000,0x00000000d6e80000,0x00000000d7200000)
 ParOldGen       total 68608K, used 21127K [0x0000000080000000, 0x0000000084300000, 0x00000000d5580000)
  object space 68608K, 30% used [0x0000000080000000,0x00000000814a1ff0,0x0000000084300000)
 Metaspace       used 38881K, committed 39936K, reserved 1114112K
  class space    used 4222K, committed 4736K, reserved 1048576K
}
Event: 10.854 GC heap before
{Heap before GC invocations=18 (full 2):
 PSYoungGen      total 23040K, used 23013K [0x00000000d5580000, 0x00000000d7200000, 0x0000000100000000)
  eden space 22016K, 100% used [0x00000000d5580000,0x00000000d6b00000,0x00000000d6b00000)
  from space 1024K, 97% used [0x00000000d6d80000,0x00000000d6e79628,0x00000000d6e80000)
  to   space 3584K, 0% used [0x00000000d6e80000,0x00000000d6e80000,0x00000000d7200000)
 ParOldGen       total 68608K, used 21132K [0x0000000080000000, 0x0000000084300000, 0x00000000d5580000)
  object space 68608K, 30% used [0x0000000080000000,0x00000000814a3300,0x0000000084300000)
 Metaspace       used 39980K, committed 41088K, reserved 1114112K
  class space    used 4375K, committed 4864K, reserved 1048576K
}
Event: 10.856 GC heap after
{Heap after GC invocations=18 (full 2):
 PSYoungGen      total 25088K, used 3558K [0x00000000d5580000, 0x00000000d7300000, 0x0000000100000000)
  eden space 21504K, 0% used [0x00000000d5580000,0x00000000d5580000,0x00000000d6a80000)
  from space 3584K, 99% used [0x00000000d6e80000,0x00000000d71f9b38,0x00000000d7200000)
  to   space 4096K, 0% used [0x00000000d6a80000,0x00000000d6a80000,0x00000000d6e80000)
 ParOldGen       total 68608K, used 25288K [0x0000000080000000, 0x0000000084300000, 0x00000000d5580000)
  object space 68608K, 36% used [0x0000000080000000,0x00000000818b23b8,0x0000000084300000)
 Metaspace       used 39980K, committed 41088K, reserved 1114112K
  class space    used 4375K, committed 4864K, reserved 1048576K
}
Event: 11.046 GC heap before
{Heap before GC invocations=19 (full 2):
 PSYoungGen      total 25088K, used 25062K [0x00000000d5580000, 0x00000000d7300000, 0x0000000100000000)
  eden space 21504K, 100% used [0x00000000d5580000,0x00000000d6a80000,0x00000000d6a80000)
  from space 3584K, 99% used [0x00000000d6e80000,0x00000000d71f9b38,0x00000000d7200000)
  to   space 4096K, 0% used [0x00000000d6a80000,0x00000000d6a80000,0x00000000d6e80000)
 ParOldGen       total 68608K, used 25288K [0x0000000080000000, 0x0000000084300000, 0x00000000d5580000)
  object space 68608K, 36% used [0x0000000080000000,0x00000000818b23b8,0x0000000084300000)
 Metaspace       used 41947K, committed 43072K, reserved 1114112K
  class space    used 4682K, committed 5184K, reserved 1048576K
}
Event: 11.049 GC heap after
{Heap after GC invocations=19 (full 2):
 PSYoungGen      total 22528K, used 736K [0x00000000d5580000, 0x00000000d6f00000, 0x0000000100000000)
  eden space 21504K, 0% used [0x00000000d5580000,0x00000000d5580000,0x00000000d6a80000)
  from space 1024K, 71% used [0x00000000d6a80000,0x00000000d6b38000,0x00000000d6b80000)
  to   space 2048K, 0% used [0x00000000d6d00000,0x00000000d6d00000,0x00000000d6f00000)
 ParOldGen       total 68608K, used 28632K [0x0000000080000000, 0x0000000084300000, 0x00000000d5580000)
  object space 68608K, 41% used [0x0000000080000000,0x0000000081bf62d8,0x0000000084300000)
 Metaspace       used 41947K, committed 43072K, reserved 1114112K
  class space    used 4682K, committed 5184K, reserved 1048576K
}
Event: 11.314 GC heap before
{Heap before GC invocations=20 (full 2):
 PSYoungGen      total 22528K, used 22240K [0x00000000d5580000, 0x00000000d6f00000, 0x0000000100000000)
  eden space 21504K, 100% used [0x00000000d5580000,0x00000000d6a80000,0x00000000d6a80000)
  from space 1024K, 71% used [0x00000000d6a80000,0x00000000d6b38000,0x00000000d6b80000)
  to   space 2048K, 0% used [0x00000000d6d00000,0x00000000d6d00000,0x00000000d6f00000)
 ParOldGen       total 68608K, used 28632K [0x0000000080000000, 0x0000000084300000, 0x00000000d5580000)
  object space 68608K, 41% used [0x0000000080000000,0x0000000081bf62d8,0x0000000084300000)
 Metaspace       used 43948K, committed 45120K, reserved 1114112K
  class space    used 4965K, committed 5504K, reserved 1048576K
}
Event: 11.317 GC heap after
{Heap after GC invocations=20 (full 2):
 PSYoungGen      total 22528K, used 864K [0x00000000d5580000, 0x00000000d6e00000, 0x0000000100000000)
  eden space 21504K, 0% used [0x00000000d5580000,0x00000000d5580000,0x00000000d6a80000)
  from space 1024K, 84% used [0x00000000d6d00000,0x00000000d6dd8000,0x00000000d6e00000)
  to   space 1024K, 0% used [0x00000000d6a80000,0x00000000d6a80000,0x00000000d6b80000)
 ParOldGen       total 68608K, used 29165K [0x0000000080000000, 0x0000000084300000, 0x00000000d5580000)
  object space 68608K, 42% used [0x0000000080000000,0x0000000081c7b630,0x0000000084300000)
 Metaspace       used 43948K, committed 45120K, reserved 1114112K
  class space    used 4965K, committed 5504K, reserved 1048576K
}
Event: 11.572 GC heap before
{Heap before GC invocations=21 (full 2):
 PSYoungGen      total 22528K, used 22368K [0x00000000d5580000, 0x00000000d6e00000, 0x0000000100000000)
  eden space 21504K, 100% used [0x00000000d5580000,0x00000000d6a80000,0x00000000d6a80000)
  from space 1024K, 84% used [0x00000000d6d00000,0x00000000d6dd8000,0x00000000d6e00000)
  to   space 1024K, 0% used [0x00000000d6a80000,0x00000000d6a80000,0x00000000d6b80000)
 ParOldGen       total 68608K, used 29165K [0x0000000080000000, 0x0000000084300000, 0x00000000d5580000)
  object space 68608K, 42% used [0x0000000080000000,0x0000000081c7b630,0x0000000084300000)
 Metaspace       used 45513K, committed 46656K, reserved 1114112K
  class space    used 5163K, committed 5696K, reserved 1048576K
}
Event: 11.575 GC heap after
{Heap after GC invocations=21 (full 2):
 PSYoungGen      total 22528K, used 1024K [0x00000000d5580000, 0x00000000d6e80000, 0x0000000100000000)
  eden space 21504K, 0% used [0x00000000d5580000,0x00000000d5580000,0x00000000d6a80000)
  from space 1024K, 100% used [0x00000000d6a80000,0x00000000d6b80000,0x00000000d6b80000)
  to   space 2048K, 0% used [0x00000000d6c80000,0x00000000d6c80000,0x00000000d6e80000)
 ParOldGen       total 68608K, used 29925K [0x0000000080000000, 0x0000000084300000, 0x00000000d5580000)
  object space 68608K, 43% used [0x0000000080000000,0x0000000081d39640,0x0000000084300000)
 Metaspace       used 45513K, committed 46656K, reserved 1114112K
  class space    used 5163K, committed 5696K, reserved 1048576K
}
Event: 11.840 GC heap before
{Heap before GC invocations=22 (full 2):
 PSYoungGen      total 22528K, used 22528K [0x00000000d5580000, 0x00000000d6e80000, 0x0000000100000000)
  eden space 21504K, 100% used [0x00000000d5580000,0x00000000d6a80000,0x00000000d6a80000)
  from space 1024K, 100% used [0x00000000d6a80000,0x00000000d6b80000,0x00000000d6b80000)
  to   space 2048K, 0% used [0x00000000d6c80000,0x00000000d6c80000,0x00000000d6e80000)
 ParOldGen       total 68608K, used 29925K [0x0000000080000000, 0x0000000084300000, 0x00000000d5580000)
  object space 68608K, 43% used [0x0000000080000000,0x0000000081d39640,0x0000000084300000)
 Metaspace       used 46533K, committed 47680K, reserved 1114112K
  class space    used 5320K, committed 5824K, reserved 1048576K
}
Event: 11.842 GC heap after
{Heap after GC invocations=22 (full 2):
 PSYoungGen      total 23040K, used 1056K [0x00000000d5580000, 0x00000000d6e00000, 0x0000000100000000)
  eden space 21504K, 0% used [0x00000000d5580000,0x00000000d5580000,0x00000000d6a80000)
  from space 1536K, 68% used [0x00000000d6c80000,0x00000000d6d88000,0x00000000d6e00000)
  to   space 1536K, 0% used [0x00000000d6b00000,0x00000000d6b00000,0x00000000d6c80000)
 ParOldGen       total 68608K, used 30773K [0x0000000080000000, 0x0000000084300000, 0x00000000d5580000)
  object space 68608K, 44% used [0x0000000080000000,0x0000000081e0d6e0,0x0000000084300000)
 Metaspace       used 46533K, committed 47680K, reserved 1114112K
  class space    used 5320K, committed 5824K, reserved 1048576K
}
Event: 12.058 GC heap before
{Heap before GC invocations=23 (full 2):
 PSYoungGen      total 23040K, used 22560K [0x00000000d5580000, 0x00000000d6e00000, 0x0000000100000000)
  eden space 21504K, 100% used [0x00000000d5580000,0x00000000d6a80000,0x00000000d6a80000)
  from space 1536K, 68% used [0x00000000d6c80000,0x00000000d6d88000,0x00000000d6e00000)
  to   space 1536K, 0% used [0x00000000d6b00000,0x00000000d6b00000,0x00000000d6c80000)
 ParOldGen       total 68608K, used 30773K [0x0000000080000000, 0x0000000084300000, 0x00000000d5580000)
  object space 68608K, 44% used [0x0000000080000000,0x0000000081e0d6e0,0x0000000084300000)
 Metaspace       used 47622K, committed 48768K, reserved 1114112K
  class space    used 5468K, committed 6016K, reserved 1048576K
}
Event: 12.062 GC heap after
{Heap after GC invocations=23 (full 2):
 PSYoungGen      total 23040K, used 1524K [0x00000000d5580000, 0x00000000d7680000, 0x0000000100000000)
  eden space 21504K, 0% used [0x00000000d5580000,0x00000000d5580000,0x00000000d6a80000)
  from space 1536K, 99% used [0x00000000d6b00000,0x00000000d6c7d1c8,0x00000000d6c80000)
  to   space 6144K, 0% used [0x00000000d7080000,0x00000000d7080000,0x00000000d7680000)
 ParOldGen       total 68608K, used 34493K [0x0000000080000000, 0x0000000084300000, 0x00000000d5580000)
  object space 68608K, 50% used [0x0000000080000000,0x00000000821af6b8,0x0000000084300000)
 Metaspace       used 47622K, committed 48768K, reserved 1114112K
  class space    used 5468K, committed 6016K, reserved 1048576K
}

Dll operation events (11 events):
Event: 0.018 Loaded shared library c:\Users\moham\.cursor\extensions\redhat.java-1.53.0-win32-x64\jre\21.0.10-win32-x86_64\bin\java.dll
Event: 0.137 Loaded shared library c:\Users\moham\.cursor\extensions\redhat.java-1.53.0-win32-x64\jre\21.0.10-win32-x86_64\bin\zip.dll
Event: 0.236 Loaded shared library C:\Users\moham\.cursor\extensions\redhat.java-1.53.0-win32-x64\jre\21.0.10-win32-x86_64\bin\instrument.dll
Event: 0.244 Loaded shared library C:\Users\moham\.cursor\extensions\redhat.java-1.53.0-win32-x64\jre\21.0.10-win32-x86_64\bin\net.dll
Event: 0.246 Loaded shared library C:\Users\moham\.cursor\extensions\redhat.java-1.53.0-win32-x64\jre\21.0.10-win32-x86_64\bin\nio.dll
Event: 0.251 Loaded shared library C:\Users\moham\.cursor\extensions\redhat.java-1.53.0-win32-x64\jre\21.0.10-win32-x86_64\bin\zip.dll
Event: 0.335 Loaded shared library C:\Users\moham\.cursor\extensions\redhat.java-1.53.0-win32-x64\jre\21.0.10-win32-x86_64\bin\jimage.dll
Event: 0.603 Loaded shared library c:\Users\moham\.cursor\extensions\redhat.java-1.53.0-win32-x64\jre\21.0.10-win32-x86_64\bin\verify.dll
Event: 2.717 Loaded shared library C:\Users\moham\AppData\Roaming\Cursor\User\globalStorage\redhat.java\1.53.0\config_win\org.eclipse.equinox.launcher\org.eclipse.equinox.launcher.win32.win32.x86_64_1.3.0.v20260203-2149\eclipse_11919.dll
Event: 8.115 Loaded shared library C:\Users\moham\AppData\Local\Temp\jna-104073650\jna7425828057006451507.dll
Event: 11.009 Loaded shared library C:\Users\moham\.gradle\native\68d5fa5c4cc2d200863cafc0d521ce42e7d3e7ee720ec0a83991735586a16f82\windows-amd64\native-platform.dll

Deoptimization events (20 events):
Event: 12.141 Thread 0x000002b7fdbfd5c0 DEOPT PACKING pc=0x000002b7a973e084 sp=0x000000b7b78feed0
Event: 12.141 Thread 0x000002b7fdbfd5c0 DEOPT UNPACKING pc=0x000002b7a9186da2 sp=0x000000b7b78fedf8 mode 2
Event: 12.142 Thread 0x000002b7fdbfd5c0 Uncommon trap: trap_request=0xffffffc6 fr.pc=0x000002b7a973e084 relative=0x00000000000006a4
Event: 12.142 Thread 0x000002b7fdbfd5c0 Uncommon trap: reason=bimorphic_or_optimized_type_check action=maybe_recompile pc=0x000002b7a973e084 method=java.util.Comparator.lambda$thenComparing$36697e65$1(Ljava/util/Comparator;Ljava/lang/Object;Ljava/lang/Object;)I @ 3 c2
Event: 12.142 Thread 0x000002b7fdbfd5c0 DEOPT PACKING pc=0x000002b7a973e084 sp=0x000000b7b78feed0
Event: 12.142 Thread 0x000002b7fdbfd5c0 DEOPT UNPACKING pc=0x000002b7a9186da2 sp=0x000000b7b78fedf8 mode 2
Event: 12.148 Thread 0x000002b7fdbfd5c0 DEOPT PACKING pc=0x000002b7a24effa6 sp=0x000000b7b78fece0
Event: 12.148 Thread 0x000002b7fdbfd5c0 DEOPT UNPACKING pc=0x000002b7a91878e2 sp=0x000000b7b78fe1d0 mode 0
Event: 12.149 Thread 0x000002b7fdbfd5c0 DEOPT PACKING pc=0x000002b7a24effa6 sp=0x000000b7b78fece0
Event: 12.149 Thread 0x000002b7fdbfd5c0 DEOPT UNPACKING pc=0x000002b7a91878e2 sp=0x000000b7b78fe1d0 mode 0
Event: 12.150 Thread 0x000002b7fdbfd5c0 DEOPT PACKING pc=0x000002b7a24effa6 sp=0x000000b7b78fece0
Event: 12.150 Thread 0x000002b7fdbfd5c0 DEOPT UNPACKING pc=0x000002b7a91878e2 sp=0x000000b7b78fe1d0 mode 0
Event: 12.151 Thread 0x000002b7fdbfd5c0 DEOPT PACKING pc=0x000002b7a24effa6 sp=0x000000b7b78fece0
Event: 12.151 Thread 0x000002b7fdbfd5c0 DEOPT UNPACKING pc=0x000002b7a91878e2 sp=0x000000b7b78fe1d0 mode 0
Event: 12.151 Thread 0x000002b7fdbfd5c0 DEOPT PACKING pc=0x000002b7a24effa6 sp=0x000000b7b78fece0
Event: 12.151 Thread 0x000002b7fdbfd5c0 DEOPT UNPACKING pc=0x000002b7a91878e2 sp=0x000000b7b78fe1d0 mode 0
Event: 12.158 Thread 0x000002b7fdbfd5c0 DEOPT PACKING pc=0x000002b7a24effa6 sp=0x000000b7b78fe290
Event: 12.158 Thread 0x000002b7fdbfd5c0 DEOPT UNPACKING pc=0x000002b7a91878e2 sp=0x000000b7b78fd780 mode 0
Event: 12.159 Thread 0x000002b7fdbfd5c0 DEOPT PACKING pc=0x000002b7a24effa6 sp=0x000000b7b78fe290
Event: 12.159 Thread 0x000002b7fdbfd5c0 DEOPT UNPACKING pc=0x000002b7a91878e2 sp=0x000000b7b78fd780 mode 0

Classes loaded (20 events):
Event: 10.967 Loading class java/lang/reflect/AnnotatedParameterizedType done
Event: 10.967 Loading class sun/reflect/annotation/AnnotatedTypeFactory$AnnotatedParameterizedTypeImpl done
Event: 11.011 Loading class java/util/RegularEnumSet$EnumSetIterator
Event: 11.011 Loading class java/util/RegularEnumSet$EnumSetIterator done
Event: 11.118 Loading class java/util/concurrent/CompletionService
Event: 11.118 Loading class java/util/concurrent/CompletionService done
Event: 11.203 Loading class sun/reflect/generics/scope/ConstructorScope
Event: 11.203 Loading class sun/reflect/generics/scope/ConstructorScope done
Event: 11.203 Loading class sun/reflect/generics/tree/VoidDescriptor
Event: 11.203 Loading class sun/reflect/generics/tree/VoidDescriptor done
Event: 11.339 Loading class java/nio/channels/ServerSocketChannel
Event: 11.339 Loading class java/nio/channels/ServerSocketChannel done
Event: 11.530 Loading class java/lang/ExceptionInInitializerError
Event: 11.530 Loading class java/lang/ExceptionInInitializerError done
Event: 11.550 Loading class jdk/internal/org/objectweb/asm/ClassReader
Event: 11.551 Loading class jdk/internal/org/objectweb/asm/ClassReader done
Event: 11.915 Loading class java/lang/ProcessEnvironment$CheckedKeySet
Event: 11.915 Loading class java/lang/ProcessEnvironment$CheckedKeySet done
Event: 12.086 Loading class java/util/regex/Pattern$Pos
Event: 12.086 Loading class java/util/regex/Pattern$Pos done

Classes unloaded (7 events):
Event: 8.973 Thread 0x000002b79d15ec00 Unloading class 0x000002b7b71a9400 'java/lang/invoke/LambdaForm$MH+0x000002b7b71a9400'
Event: 8.973 Thread 0x000002b79d15ec00 Unloading class 0x000002b7b71a9000 'java/lang/invoke/LambdaForm$MH+0x000002b7b71a9000'
Event: 8.973 Thread 0x000002b79d15ec00 Unloading class 0x000002b7b71a8c00 'java/lang/invoke/LambdaForm$MH+0x000002b7b71a8c00'
Event: 8.973 Thread 0x000002b79d15ec00 Unloading class 0x000002b7b71a8800 'java/lang/invoke/LambdaForm$MH+0x000002b7b71a8800'
Event: 8.973 Thread 0x000002b79d15ec00 Unloading class 0x000002b7b71a8400 'java/lang/invoke/LambdaForm$BMH+0x000002b7b71a8400'
Event: 8.973 Thread 0x000002b79d15ec00 Unloading class 0x000002b7b71a8000 'java/lang/invoke/LambdaForm$DMH+0x000002b7b71a8000'
Event: 8.973 Thread 0x000002b79d15ec00 Unloading class 0x000002b7b71a6c00 'java/lang/invoke/LambdaForm$DMH+0x000002b7b71a6c00'

Classes redefined (0 events):
No events

Internal exceptions (20 events):
Event: 10.020 Thread 0x000002b780a59a90 Exception <a 'java/lang/NoSuchMethodError'{0x00000000d5d65040}: 'java.lang.Object java.lang.invoke.DirectMethodHandle$Holder.invokeStatic(java.lang.Object, int, java.lang.Object, java.lang.Object)'> (0x00000000d5d65040) 
thrown [s\src\hotspot\share\interpreter\linkResolver.cpp, line 773]
Event: 10.021 Thread 0x000002b780a59a90 Exception <a 'java/lang/NoSuchMethodError'{0x00000000d5d87da0}: 'java.lang.Object java.lang.invoke.DelegatingMethodHandle$Holder.delegate(java.lang.Object, int, java.lang.Object, java.lang.Object)'> (0x00000000d5d87da0) 
thrown [s\src\hotspot\share\interpreter\linkResolver.cpp, line 773]
Event: 10.025 Thread 0x000002b780a59a90 Exception <a 'java/lang/NoSuchMethodError'{0x00000000d5dd8c88}: 'int java.lang.invoke.Invokers$Holder.linkToTargetMethod(java.lang.Object, java.lang.Object, java.lang.Object)'> (0x00000000d5dd8c88) 
thrown [s\src\hotspot\share\interpreter\linkResolver.cpp, line 773]
Event: 10.089 Thread 0x000002b7fdbfe970 Exception <a 'java/lang/NoSuchMethodError'{0x00000000d63d20d8}: 'java.lang.Object java.lang.invoke.DirectMethodHandle$Holder.invokeSpecialIFC(java.lang.Object, java.lang.Object, java.lang.Object, java.lang.Object)'> (0x00000000d63d20d8) 
thrown [s\src\hotspot\share\interpreter\linkResolver.cpp, line 773]
Event: 10.167 Thread 0x000002b780a5bb60 Exception <a 'java/lang/NoSuchMethodError'{0x00000000d560d0f0}: 'void java.lang.invoke.DirectMethodHandle$Holder.invokeStaticInit(java.lang.Object, java.lang.Object, java.lang.Object)'> (0x00000000d560d0f0) 
thrown [s\src\hotspot\share\interpreter\linkResolver.cpp, line 773]
Event: 10.292 Thread 0x000002b79d0c4350 Exception <a 'java/lang/NoSuchMethodError'{0x00000000d5c467a8}: 'void java.lang.invoke.DirectMethodHandle$Holder.invokeSpecial(java.lang.Object, java.lang.Object, java.lang.Object, java.lang.Object, java.lang.Object, java.lang.Object)'> (0x00000000d5c467a8) 
thrown [s\src\hotspot\share\interpreter\linkResolver.cpp, line 773]
Event: 10.294 Thread 0x000002b79d0c4350 Exception <a 'java/lang/IncompatibleClassChangeError'{0x00000000d5c6f500}: Found class java.lang.Object, but interface was expected> (0x00000000d5c6f500) 
thrown [s\src\hotspot\share\interpreter\linkResolver.cpp, line 840]
Event: 10.295 Thread 0x000002b780a5bb60 Exception <a 'java/lang/NoSuchMethodError'{0x00000000d5c809d8}: 'java.lang.Object java.lang.invoke.DirectMethodHandle$Holder.invokeVirtual(java.lang.Object, java.lang.Object, java.lang.Object, java.lang.Object)'> (0x00000000d5c809d8) 
thrown [s\src\hotspot\share\interpreter\linkResolver.cpp, line 773]
Event: 10.295 Thread 0x000002b79d0c4350 Exception <a 'java/lang/IncompatibleClassChangeError'{0x00000000d5c712b0}: Found class java.lang.Object, but interface was expected> (0x00000000d5c712b0) 
thrown [s\src\hotspot\share\interpreter\linkResolver.cpp, line 840]
Event: 10.299 Thread 0x000002b780a5bb60 Exception <a 'java/lang/NoSuchMethodError'{0x00000000d5d03180}: 'java.lang.Object java.lang.invoke.DirectMethodHandle$Holder.invokeVirtual(java.lang.Object, java.lang.Object, java.lang.Object, java.lang.Object, java.lang.Object)'> (0x00000000d5d03180) 
thrown [s\src\hotspot\share\interpreter\linkResolver.cpp, line 773]
Event: 10.512 Thread 0x000002b780a5dc30 Implicit null exception at 0x000002b7a97acf1b to 0x000002b7a97ad16c
Event: 10.545 Thread 0x000002b7fdbfe970 Exception <a 'java/lang/NoClassDefFoundError'{0x00000000d60c49c0}: javax/enterprise/inject/Typed> (0x00000000d60c49c0) 
thrown [s\src\hotspot\share\classfile\systemDictionary.cpp, line 301]
Event: 10.985 Thread 0x000002b780a5dc30 Exception <a 'java/lang/NoSuchMethodError'{0x00000000d6463fc0}: 'java.lang.Object java.lang.invoke.DirectMethodHandle$Holder.invokeVirtual(java.lang.Object, java.lang.Object, java.lang.Object, java.lang.Object, java.lang.Object, java.lang.Object, java.lang.Object)'> (0x00000000d6463fc0) 
thrown [s\src\hotspot\share\interpreter\linkResolver.cpp, line 773]
Event: 11.531 Thread 0x000002b7fdbfe970 Exception <a 'java/lang/ExceptionInInitializerError'{0x00000000d67a3a18}> (0x00000000d67a3a18) 
thrown [s\src\hotspot\share\oops\instanceKlass.cpp, line 1220]
Event: 11.548 Thread 0x000002b7fdbfe970 Exception <a 'java/lang/NoSuchMethodError'{0x00000000d68935f0}: 'long java.lang.invoke.DirectMethodHandle$Holder.invokeStatic(java.lang.Object, java.lang.Object, int)'> (0x00000000d68935f0) 
thrown [s\src\hotspot\share\interpreter\linkResolver.cpp, line 773]
Event: 11.552 Thread 0x000002b7fdbfe970 Implicit null exception at 0x000002b7a98159fe to 0x000002b7a9815c70
Event: 11.552 Thread 0x000002b7fdbfe970 Implicit null exception at 0x000002b7a978839c to 0x000002b7a97892c0
Event: 11.554 Thread 0x000002b7fdbfe970 Exception <a 'java/lang/NoSuchMethodError'{0x00000000d69219e0}: 'java.lang.Object java.lang.invoke.Invokers$Holder.invokeExact_MT(java.lang.Object, int, java.lang.Object)'> (0x00000000d69219e0) 
thrown [s\src\hotspot\share\interpreter\linkResolver.cpp, line 773]
Event: 11.899 Thread 0x000002b7fdbfe970 Exception <a 'java/lang/NoClassDefFoundError'{0x00000000d5ba5428}: com/google/inject/servlet/ServletModuleTargetVisitor> (0x00000000d5ba5428) 
thrown [s\src\hotspot\share\classfile\systemDictionary.cpp, line 301]
Event: 12.004 Thread 0x000002b780a5dc30 Exception <a 'java/lang/NoSuchMethodError'{0x00000000d6657ff8}: 'void java.lang.invoke.DirectMethodHandle$Holder.invokeVirtual(java.lang.Object, java.lang.Object, java.lang.Object, java.lang.Object)'> (0x00000000d6657ff8) 
thrown [s\src\hotspot\share\interpreter\linkResolver.cpp, line 773]

ZGC Phase Switch (0 events):
No events

VM Operations (20 events):
Event: 10.851 Executing safepoint VM operation: ParallelGCFailedAllocation (Allocation Failure)
Event: 10.856 Executing safepoint VM operation: ParallelGCFailedAllocation (Allocation Failure) done
Event: 11.025 Executing non-safepoint VM operation: HandshakeAllThreads (Deoptimize)
Event: 11.025 Executing non-safepoint VM operation: HandshakeAllThreads (Deoptimize) done
Event: 11.046 Executing safepoint VM operation: ParallelGCFailedAllocation (Allocation Failure)
Event: 11.049 Executing safepoint VM operation: ParallelGCFailedAllocation (Allocation Failure) done
Event: 11.170 Executing non-safepoint VM operation: HandshakeAllThreads (Deoptimize)
Event: 11.170 Executing non-safepoint VM operation: HandshakeAllThreads (Deoptimize) done
Event: 11.314 Executing safepoint VM operation: ParallelGCFailedAllocation (Allocation Failure)
Event: 11.317 Executing safepoint VM operation: ParallelGCFailedAllocation (Allocation Failure) done
Event: 11.572 Executing safepoint VM operation: ParallelGCFailedAllocation (Allocation Failure)
Event: 11.575 Executing safepoint VM operation: ParallelGCFailedAllocation (Allocation Failure) done
Event: 11.597 Executing non-safepoint VM operation: HandshakeAllThreads (Deoptimize)
Event: 11.598 Executing non-safepoint VM operation: HandshakeAllThreads (Deoptimize) done
Event: 11.840 Executing safepoint VM operation: ParallelGCFailedAllocation (Allocation Failure)
Event: 11.842 Executing safepoint VM operation: ParallelGCFailedAllocation (Allocation Failure) done
Event: 11.963 Executing non-safepoint VM operation: HandshakeAllThreads (Deoptimize)
Event: 11.963 Executing non-safepoint VM operation: HandshakeAllThreads (Deoptimize) done
Event: 12.058 Executing safepoint VM operation: ParallelGCFailedAllocation (Allocation Failure)
Event: 12.062 Executing safepoint VM operation: ParallelGCFailedAllocation (Allocation Failure) done

Memory protections (0 events):
No events

Nmethod flushes (20 events):
Event: 10.231 Thread 0x000002b79d15ec00 flushing  nmethod 0x000002b7a2218f10
Event: 10.231 Thread 0x000002b79d15ec00 flushing  nmethod 0x000002b7a224e390
Event: 10.231 Thread 0x000002b79d15ec00 flushing  nmethod 0x000002b7a224f810
Event: 10.231 Thread 0x000002b79d15ec00 flushing  nmethod 0x000002b7a2250110
Event: 10.231 Thread 0x000002b79d15ec00 flushing  nmethod 0x000002b7a2251310
Event: 10.231 Thread 0x000002b79d15ec00 flushing  nmethod 0x000002b7a2251f90
Event: 10.231 Thread 0x000002b79d15ec00 flushing  nmethod 0x000002b7a2253c90
Event: 10.231 Thread 0x000002b79d15ec00 flushing  nmethod 0x000002b7a2254990
Event: 10.231 Thread 0x000002b79d15ec00 flushing  nmethod 0x000002b7a2256a90
Event: 10.231 Thread 0x000002b79d15ec00 flushing  nmethod 0x000002b7a2257710
Event: 10.231 Thread 0x000002b79d15ec00 flushing  nmethod 0x000002b7a2258010
Event: 10.231 Thread 0x000002b79d15ec00 flushing  nmethod 0x000002b7a2258910
Event: 10.231 Thread 0x000002b79d15ec00 flushing  nmethod 0x000002b7a2259e10
Event: 10.231 Thread 0x000002b79d15ec00 flushing  nmethod 0x000002b7a225a110
Event: 10.231 Thread 0x000002b79d15ec00 flushing  nmethod 0x000002b7a2263110
Event: 10.231 Thread 0x000002b79d15ec00 flushing  nmethod 0x000002b7a22a7e90
Event: 10.231 Thread 0x000002b79d15ec00 flushing  nmethod 0x000002b7a22a8a10
Event: 10.231 Thread 0x000002b79d15ec00 flushing  nmethod 0x000002b7a22b2f10
Event: 10.231 Thread 0x000002b79d15ec00 flushing  nmethod 0x000002b7a231d910
Event: 10.231 Thread 0x000002b79d15ec00 flushing  nmethod 0x000002b7a232e810

Events (20 events):
Event: 9.849 Thread 0x000002b7fdbfdc50 Thread added: 0x000002b7fdbfe2e0
Event: 9.892 Thread 0x000002b7fdbfe2e0 Thread added: 0x000002b7fdbfe970
Event: 9.934 Thread 0x000002b79d0c4350 Thread added: 0x000002b7fdbff000
Event: 9.935 Thread 0x000002b79d0c4350 Thread added: 0x000002b7fdbfc8a0
Event: 9.935 Thread 0x000002b79d0c4350 Thread added: 0x000002b780a579c0
Event: 9.935 Thread 0x000002b79d0c4350 Thread added: 0x000002b780a56ca0
Event: 9.936 Thread 0x000002b79d0c4350 Thread added: 0x000002b780a57330
Event: 9.936 Thread 0x000002b79d0c4350 Thread added: 0x000002b780a58050
Event: 9.936 Thread 0x000002b79d0c4350 Thread added: 0x000002b780a58d70
Event: 9.936 Thread 0x000002b79d0c4350 Thread added: 0x000002b780a586e0
Event: 9.936 Thread 0x000002b79d0c4350 Thread added: 0x000002b780a59400
Event: 9.965 Thread 0x000002b7fdbfe970 Thread added: 0x000002b780a59a90
Event: 9.978 Thread 0x000002b79d0c4350 Thread added: 0x000002b780a56610
Event: 10.016 Thread 0x000002b780a59a90 Thread added: 0x000002b780a5bb60
Event: 10.158 Thread 0x000002b780a5bb60 Thread added: 0x000002b780a5b4d0
Event: 10.187 Thread 0x000002b780a5bb60 Thread added: 0x000002b780a5c880
Event: 10.252 Thread 0x000002b7fdbfe2e0 Thread added: 0x000002b780a5ae40
Event: 10.335 Thread 0x000002b79d0c4350 Thread added: 0x000002b780a5d5a0
Event: 10.336 Thread 0x000002b79d0c4350 Thread added: 0x000002b780a5c1f0
Event: 10.435 Thread 0x000002b780a5bb60 Thread added: 0x000002b780a5dc30


Dynamic libraries:
0x00007ff699d60000 - 0x00007ff699d6e000 	c:\Users\moham\.cursor\extensions\redhat.java-1.53.0-win32-x64\jre\21.0.10-win32-x86_64\bin\java.exe
0x00007ffca61a0000 - 0x00007ffca6407000 	C:\WINDOWS\SYSTEM32\ntdll.dll
0x00007ffca4790000 - 0x00007ffca4859000 	C:\WINDOWS\System32\KERNEL32.DLL
0x00007ffca3960000 - 0x00007ffca3d4f000 	C:\WINDOWS\System32\KERNELBASE.dll
0x00007ffca3610000 - 0x00007ffca375b000 	C:\WINDOWS\System32\ucrtbase.dll
0x00007ffc6a240000 - 0x00007ffc6a258000 	c:\Users\moham\.cursor\extensions\redhat.java-1.53.0-win32-x64\jre\21.0.10-win32-x86_64\bin\jli.dll
0x00007ffca40f0000 - 0x00007ffca42b5000 	C:\WINDOWS\System32\USER32.dll
0x00007ffca3470000 - 0x00007ffca3497000 	C:\WINDOWS\System32\win32u.dll
0x00007ffca42c0000 - 0x00007ffca42eb000 	C:\WINDOWS\System32\GDI32.dll
0x00007ffca3e10000 - 0x00007ffca3f3c000 	C:\WINDOWS\System32\gdi32full.dll
0x00007ffca38b0000 - 0x00007ffca3953000 	C:\WINDOWS\System32\msvcp_win.dll
0x00007ffc6c890000 - 0x00007ffc6c8ae000 	c:\Users\moham\.cursor\extensions\redhat.java-1.53.0-win32-x64\jre\21.0.10-win32-x86_64\bin\VCRUNTIME140.dll
0x00007ffc85900000 - 0x00007ffc85b93000 	C:\WINDOWS\WinSxS\amd64_microsoft.windows.common-controls_6595b64144ccf1df_6.0.26100.7309_none_3e05feeae336a044\COMCTL32.dll
0x00007ffca4860000 - 0x00007ffca4909000 	C:\WINDOWS\System32\msvcrt.dll
0x00007ffca43a0000 - 0x00007ffca43d1000 	C:\WINDOWS\System32\IMM32.DLL
0x00007ffc9fc20000 - 0x00007ffc9fc2c000 	c:\Users\moham\.cursor\extensions\redhat.java-1.53.0-win32-x64\jre\21.0.10-win32-x86_64\bin\vcruntime140_1.dll
0x00007ffc26550000 - 0x00007ffc265dd000 	c:\Users\moham\.cursor\extensions\redhat.java-1.53.0-win32-x64\jre\21.0.10-win32-x86_64\bin\msvcp140.dll
0x00007ffba8f10000 - 0x00007ffba9cb1000 	c:\Users\moham\.cursor\extensions\redhat.java-1.53.0-win32-x64\jre\21.0.10-win32-x86_64\bin\server\jvm.dll
0x00007ffca52a0000 - 0x00007ffca5354000 	C:\WINDOWS\System32\ADVAPI32.dll
0x00007ffca42f0000 - 0x00007ffca4396000 	C:\WINDOWS\System32\sechost.dll
0x00007ffca4460000 - 0x00007ffca4578000 	C:\WINDOWS\System32\RPCRT4.dll
0x00007ffca4710000 - 0x00007ffca4784000 	C:\WINDOWS\System32\WS2_32.dll
0x00007ffca3150000 - 0x00007ffca31ae000 	C:\WINDOWS\SYSTEM32\POWRPROF.dll
0x00007ffc87ca0000 - 0x00007ffc87cd5000 	C:\WINDOWS\SYSTEM32\WINMM.dll
0x00007ffc94760000 - 0x00007ffc9476b000 	C:\WINDOWS\SYSTEM32\VERSION.dll
0x00007ffca3130000 - 0x00007ffca3144000 	C:\WINDOWS\SYSTEM32\UMPDC.dll
0x00007ffca20a0000 - 0x00007ffca20bb000 	C:\WINDOWS\SYSTEM32\kernel.appcore.dll
0x00007ffc9de50000 - 0x00007ffc9de5a000 	c:\Users\moham\.cursor\extensions\redhat.java-1.53.0-win32-x64\jre\21.0.10-win32-x86_64\bin\jimage.dll
0x00007ffca09f0000 - 0x00007ffca0c32000 	C:\WINDOWS\SYSTEM32\DBGHELP.DLL
0x00007ffca5dd0000 - 0x00007ffca6155000 	C:\WINDOWS\System32\combase.dll
0x00007ffca50a0000 - 0x00007ffca5176000 	C:\WINDOWS\System32\OLEAUT32.dll
0x00007ffc83310000 - 0x00007ffc8334c000 	C:\WINDOWS\SYSTEM32\dbgcore.DLL
0x00007ffca3d60000 - 0x00007ffca3e05000 	C:\WINDOWS\System32\bcryptPrimitives.dll
0x00007ffc7d400000 - 0x00007ffc7d40f000 	c:\Users\moham\.cursor\extensions\redhat.java-1.53.0-win32-x64\jre\21.0.10-win32-x86_64\bin\instrument.dll
0x00007ffc60a80000 - 0x00007ffc60aa0000 	c:\Users\moham\.cursor\extensions\redhat.java-1.53.0-win32-x64\jre\21.0.10-win32-x86_64\bin\java.dll
0x00007ffca4910000 - 0x00007ffca5063000 	C:\WINDOWS\System32\SHELL32.dll
0x00007ffca34a0000 - 0x00007ffca360a000 	C:\WINDOWS\System32\wintypes.dll
0x00007ffca0ec0000 - 0x00007ffca171e000 	C:\WINDOWS\SYSTEM32\windows.storage.dll
0x00007ffca4580000 - 0x00007ffca4675000 	C:\WINDOWS\System32\SHCORE.dll
0x00007ffca4680000 - 0x00007ffca46e6000 	C:\WINDOWS\System32\shlwapi.dll
0x00007ffca3210000 - 0x00007ffca3239000 	C:\WINDOWS\SYSTEM32\profapi.dll
0x00007ffc59670000 - 0x00007ffc59688000 	c:\Users\moham\.cursor\extensions\redhat.java-1.53.0-win32-x64\jre\21.0.10-win32-x86_64\bin\zip.dll
0x00007ffc86330000 - 0x00007ffc86340000 	C:\Users\moham\.cursor\extensions\redhat.java-1.53.0-win32-x64\jre\21.0.10-win32-x86_64\bin\net.dll
0x00007ffc943d0000 - 0x00007ffc944f8000 	C:\WINDOWS\SYSTEM32\WINHTTP.dll
0x00007ffca2610000 - 0x00007ffca267b000 	C:\WINDOWS\system32\mswsock.dll
0x00007ffc57b80000 - 0x00007ffc57b96000 	C:\Users\moham\.cursor\extensions\redhat.java-1.53.0-win32-x64\jre\21.0.10-win32-x86_64\bin\nio.dll
0x00007ffc7c7d0000 - 0x00007ffc7c7e0000 	c:\Users\moham\.cursor\extensions\redhat.java-1.53.0-win32-x64\jre\21.0.10-win32-x86_64\bin\verify.dll
0x00007ffc4f530000 - 0x00007ffc4f575000 	C:\Users\moham\AppData\Roaming\Cursor\User\globalStorage\redhat.java\1.53.0\config_win\org.eclipse.equinox.launcher\org.eclipse.equinox.launcher.win32.win32.x86_64_1.3.0.v20260203-2149\eclipse_11919.dll
0x00007ffca3f40000 - 0x00007ffca40d7000 	C:\WINDOWS\System32\ole32.dll
0x00007ffca28d0000 - 0x00007ffca28eb000 	C:\WINDOWS\SYSTEM32\CRYPTSP.dll
0x00007ffca2000000 - 0x00007ffca203a000 	C:\WINDOWS\system32\rsaenh.dll
0x00007ffca26c0000 - 0x00007ffca26eb000 	C:\WINDOWS\SYSTEM32\USERENV.dll
0x00007ffca31e0000 - 0x00007ffca320a000 	C:\WINDOWS\SYSTEM32\bcrypt.dll
0x00007ffca28f0000 - 0x00007ffca28fc000 	C:\WINDOWS\SYSTEM32\CRYPTBASE.dll
0x00007ffca1ab0000 - 0x00007ffca1ae4000 	C:\WINDOWS\SYSTEM32\IPHLPAPI.DLL
0x00007ffca5280000 - 0x00007ffca528a000 	C:\WINDOWS\System32\NSI.dll
0x00007ffc3bbf0000 - 0x00007ffc3bc39000 	C:\Users\moham\AppData\Local\Temp\jna-104073650\jna7425828057006451507.dll
0x00007ffca5a30000 - 0x00007ffca5a38000 	C:\WINDOWS\System32\PSAPI.DLL
0x00007ffc9a2a0000 - 0x00007ffc9a2be000 	C:\WINDOWS\SYSTEM32\dhcpcsvc6.DLL
0x00007ffc99f00000 - 0x00007ffc99f23000 	C:\WINDOWS\SYSTEM32\dhcpcsvc.DLL
0x00007ffc70980000 - 0x00007ffc709a7000 	C:\Users\moham\.gradle\native\68d5fa5c4cc2d200863cafc0d521ce42e7d3e7ee720ec0a83991735586a16f82\windows-amd64\native-platform.dll

JVMTI agents:
c:\Users\moham\.cursor\extensions\redhat.java-1.53.0-win32-x64\lombok\lombok-1.18.39-4050.jar path:c:\Users\moham\.cursor\extensions\redhat.java-1.53.0-win32-x64\jre\21.0.10-win32-x86_64\bin\instrument.dll, loaded, initialized, instrumentlib options:none

dbghelp: loaded successfully - version: 4.0.5 - missing functions: none
symbol engine: initialized successfully - sym options: 0x614 - pdb path: .;c:\Users\moham\.cursor\extensions\redhat.java-1.53.0-win32-x64\jre\21.0.10-win32-x86_64\bin;C:\WINDOWS\SYSTEM32;C:\WINDOWS\WinSxS\amd64_microsoft.windows.common-controls_6595b64144ccf1df_6.0.26100.7309_none_3e05feeae336a044;c:\Users\moham\.cursor\extensions\redhat.java-1.53.0-win32-x64\jre\21.0.10-win32-x86_64\bin\server;C:\Users\moham\AppData\Roaming\Cursor\User\globalStorage\redhat.java\1.53.0\config_win\org.eclipse.equinox.launcher\org.eclipse.equinox.launcher.win32.win32.x86_64_1.3.0.v20260203-2149;C:\Users\moham\AppData\Local\Temp\jna-104073650;C:\Users\moham\.gradle\native\68d5fa5c4cc2d200863cafc0d521ce42e7d3e7ee720ec0a83991735586a16f82\windows-amd64

VM Arguments:
jvm_args: --add-modules=ALL-SYSTEM --add-opens=java.base/java.util=ALL-UNNAMED --add-opens=java.base/java.lang=ALL-UNNAMED --add-opens=java.base/sun.nio.fs=ALL-UNNAMED -Declipse.application=org.eclipse.jdt.ls.core.id1 -Dosgi.bundles.defaultStartLevel=4 -Declipse.product=org.eclipse.jdt.ls.core.product -Djava.import.generatesMetadataFilesAtProjectRoot=false -DDetectVMInstallationsJob.disabled=true -Dfile.encoding=utf8 -XX:+UseParallelGC -XX:GCTimeRatio=4 -XX:AdaptiveSizePolicyWeight=90 -Dsun.zip.disableMemoryMapping=true -Xmx2G -Xms100m -Xlog:disable -javaagent:c:\Users\moham\.cursor\extensions\redhat.java-1.53.0-win32-x64\lombok\lombok-1.18.39-4050.jar -XX:+HeapDumpOnOutOfMemoryError -XX:HeapDumpPath=c:\Users\moham\AppData\Roaming\Cursor\User\workspaceStorage\c7de12cd94fc7e9a986f03314c767550\redhat.java -Daether.dependencyCollector.impl=bf 
java_command: c:\Users\moham\.cursor\extensions\redhat.java-1.53.0-win32-x64\server\plugins\org.eclipse.equinox.launcher_1.7.100.v20251111-0406.jar -configuration c:\Users\moham\AppData\Roaming\Cursor\User\globalStorage\redhat.java\1.53.0\config_win -data c:\Users\moham\AppData\Roaming\Cursor\User\workspaceStorage\c7de12cd94fc7e9a986f03314c767550\redhat.java\jdt_ws --pipe=\\.\pipe\lsp-8ed3799a3b6c56ebe27a55d8b791cca6-sock
java_class_path (initial): c:\Users\moham\.cursor\extensions\redhat.java-1.53.0-win32-x64\server\plugins\org.eclipse.equinox.launcher_1.7.100.v20251111-0406.jar
Launcher Type: SUN_STANDARD

[Global flags]
    uintx AdaptiveSizePolicyWeight                 = 90                                        {product} {command line}
     intx CICompilerCount                          = 4                                         {product} {ergonomic}
    uintx GCTimeRatio                              = 4                                         {product} {command line}
     bool HeapDumpOnOutOfMemoryError               = true                                   {manageable} {command line}
    ccstr HeapDumpPath                             = c:\Users\moham\AppData\Roaming\Cursor\User\workspaceStorage\c7de12cd94fc7e9a986f03314c767550\redhat.java         {manageable} {command line}
   size_t InitialHeapSize                          = 104857600                                 {product} {command line}
   size_t MaxHeapSize                              = 2147483648                                {product} {command line}
   size_t MaxNewSize                               = 715653120                                 {product} {ergonomic}
   size_t MinHeapDeltaBytes                        = 524288                                    {product} {ergonomic}
   size_t MinHeapSize                              = 104857600                                 {product} {command line}
   size_t NewSize                                  = 34603008                                  {product} {ergonomic}
    uintx NonNMethodCodeHeapSize                   = 5839372                                {pd product} {ergonomic}
    uintx NonProfiledCodeHeapSize                  = 122909434                              {pd product} {ergonomic}
   size_t OldSize                                  = 70254592                                  {product} {ergonomic}
    uintx ProfiledCodeHeapSize                     = 122909434                              {pd product} {ergonomic}
    uintx ReservedCodeCacheSize                    = 251658240                              {pd product} {ergonomic}
     bool SegmentedCodeCache                       = true                                      {product} {ergonomic}
   size_t SoftMaxHeapSize                          = 2147483648                             {manageable} {ergonomic}
     bool UseCompressedOops                        = true                           {product lp64_product} {ergonomic}
     bool UseLargePagesIndividualAllocation        = false                                  {pd product} {ergonomic}
     bool UseParallelGC                            = true                                      {product} {command line}

Logging:
Log output configuration:
 #0: stdout all=off uptime,level,tags foldmultilines=false
 #1: stderr all=off uptime,level,tags foldmultilines=false

Release file:
JAVA_VERSION="21.0.10" 
MODULES="java.base java.compiler java.datatransfer java.xml java.prefs java.desktop java.instrument java.logging java.management java.security.sasl java.naming java.rmi java.management.rmi java.net.http java.scripting java.security.jgss java.transaction.xa java.sql java.sql.rowset java.xml.crypto java.se java.smartcardio jdk.accessibility jdk.internal.jvmstat jdk.attach jdk.charsets jdk.internal.opt jdk.zipfs jdk.compiler jdk.crypto.ec jdk.crypto.cryptoki jdk.crypto.mscapi jdk.dynalink jdk.internal.ed jdk.editpad jdk.hotspot.agent jdk.httpserver jdk.internal.le jdk.internal.vm.ci jdk.internal.vm.compiler jdk.internal.vm.compiler.management jdk.jartool jdk.javadoc jdk.jcmd jdk.management jdk.management.agent jdk.jconsole jdk.jdeps jdk.jdwp.agent jdk.jdi jdk.jfr jdk.jshell jdk.jsobject jdk.jstatd jdk.localedata jdk.management.jfr jdk.naming.dns jdk.naming.rmi jdk.net jdk.nio.mapmode jdk.random jdk.sctp jdk.security.auth jdk.security.jgss jdk.unsupported jdk.unsupported.desktop jdk.xml.dom" 

Environment Variables:
PATH=C:\Program Files\Eclipse Adoptium\jdk-17.0.18.8-hotspot\bin;C:\Program Files\Common Files\Oracle\Java\javapath;C:\Users\moham\AppData\Local\Programs\Python\Python313\Scripts\;C:\Users\moham\AppData\Local\Programs\Python\Python313\;C:\WINDOWS\system32;C:\WINDOWS;C:\WINDOWS\System32\Wbem;C:\WINDOWS\System32\WindowsPowerShell\v1.0\;C:\WINDOWS\System32\OpenSSH\;C:\Program Files\HP\HP One Agent;C:\WINDOWS\system32;C:\WINDOWS;C:\WINDOWS\System32\Wbem;C:\WINDOWS\System32\WindowsPowerShell\v1.0\;C:\WINDOWS\System32\OpenSSH\;C:\Program Files\Git\cmd;C:\Program Files (x86)\dotnet\;C:\MAMP\bin\php\php8.3.1;C:\ProgramData\ComposerSetup\bin;C:\Program Files\dotnet\;C:\Program Files\nodejs\;C:\ProgramData\chocolatey\bin;c:\Users\moham\AppData\Local\Programs\cursor\resources\app\codeBin;C:\Users\moham\AppData\Local\Programs\Python\Python310\Scripts\;C:\Users\moham\AppData\Local\Programs\Python\Python310\;C:\Users\moham\AppData\Local\Programs\Python\Python311\Scripts\;C:\Users\moham\AppData\Local\Programs\Python\Python311\;C:\Users\moham\AppData\Local\Programs\Python\Python313\Scripts\;C:\Users\moham\AppData\Local\Programs\Python\Python313\;C:\Users\moham\AppData\Local\Programs\Python\Launcher\;C:\Users\moham\AppData\Local\Microsoft\WindowsApps;C:\DossierVirtualstudioCode\Microsoft VS Code\bin;C:\Users\moham\AppData\Roaming\Composer\vendor\bin;C:\Users\moham\AppData\Local\Programs\cursor\resources\app\bin;C:\Users\moham\AppData\Roaming\npm
USERNAME=moham
OS=Windows_NT
PROCESSOR_IDENTIFIER=Intel64 Family 6 Model 140 Stepping 1, GenuineIntel
TMP=C:\Users\moham\AppData\Local\Temp
TEMP=C:\Users\moham\AppData\Local\Temp




Periodic native trim disabled

---------------  S Y S T E M  ---------------

OS:
 Windows 11 , 64 bit Build 26100 (10.0.26100.7309)
OS uptime: 0 days 4:16 hours
Hyper-V role detected

CPU: total 8 (initial active 8) (4 cores per cpu, 2 threads per core) family 6 model 140 stepping 1 microcode 0xb4, cx8, cmov, fxsr, ht, mmx, 3dnowpref, sse, sse2, sse3, ssse3, sse4.1, sse4.2, popcnt, lzcnt, tsc, tscinvbit, avx, avx2, aes, erms, clmul, bmi1, bmi2, adx, avx512f, avx512dq, avx512cd, avx512bw, avx512vl, sha, fma, vzeroupper, avx512_vpopcntdq, avx512_vpclmulqdq, avx512_vaes, avx512_vnni, clflush, clflushopt, clwb, avx512_vbmi2, avx512_vbmi, hv, rdtscp, rdpid, fsrm, gfni, avx512_bitalg, f16c, cet_ibt, cet_ss, avx512_ifma
Processor Information for the first 8 processors :
  Max Mhz: 2419, Current Mhz: 2419, Mhz Limit: 2419

Memory: 4k page, system-wide physical 7831M (574M free)
TotalPageFile size 21319M (AvailPageFile size 2M)
current process WorkingSet (physical memory assigned to process): 232M, peak: 232M
current process commit charge ("private bytes"): 350M, peak: 350M

vm_info: OpenJDK 64-Bit Server VM (21.0.10+7-LTS) for windows-amd64 JRE (21.0.10+7-LTS), built on 2026-01-20T00:00:00Z by "admin" with MS VC++ 17.12 (VS2022)

END.
