#
# There is insufficient memory for the Java Runtime Environment to continue.
# Native memory allocation (malloc) failed to allocate 1048576 bytes. Error detail: AllocateHeap
# Possible reasons:
#   The system is out of physical RAM or swap space
#   This process is running with CompressedOops enabled, and the Java Heap may be blocking the growth of the native heap
# Possible solutions:
#   Reduce memory load on the system
#   Increase physical memory or swap space
#   Check if swap backing store is full
#   Decrease Java heap size (-Xmx/-Xms)
#   Decrease number of Java threads
#   Decrease Java thread stack sizes (-Xss)
#   Set larger code cache with -XX:ReservedCodeCacheSize=
#   JVM is running with Unscaled Compressed Oops mode in which the Java heap is
#     placed in the first 4GB address space. The Java Heap base address is the
#     maximum limit for the native heap growth. Please use -XX:HeapBaseMinAddress
#     to set the Java Heap base and to place the Java Heap above 4GB virtual address.
# This output file may be truncated or incomplete.
#
#  Out of Memory Error (allocation.cpp:44), pid=18620, tid=5912
#
# JRE version: OpenJDK Runtime Environment Temurin-21.0.10+7 (21.0.10+7) (build 21.0.10+7-LTS)
# Java VM: OpenJDK 64-Bit Server VM Temurin-21.0.10+7 (21.0.10+7-LTS, mixed mode, sharing, tiered, compressed oops, compressed class ptrs, parallel gc, windows-amd64)
# No core dump will be written. Minidumps are not enabled by default on client versions of Windows
#

---------------  S U M M A R Y ------------

Command Line: --add-modules=ALL-SYSTEM --add-opens=java.base/java.util=ALL-UNNAMED --add-opens=java.base/java.lang=ALL-UNNAMED --add-opens=java.base/sun.nio.fs=ALL-UNNAMED -Declipse.application=org.eclipse.jdt.ls.core.id1 -Dosgi.bundles.defaultStartLevel=4 -Declipse.product=org.eclipse.jdt.ls.core.product -Djava.import.generatesMetadataFilesAtProjectRoot=false -DDetectVMInstallationsJob.disabled=true -Dfile.encoding=utf8 -XX:+UseParallelGC -XX:GCTimeRatio=4 -XX:AdaptiveSizePolicyWeight=90 -Dsun.zip.disableMemoryMapping=true -Xmx2G -Xms100m -Xlog:disable -javaagent:c:\Users\moham\.cursor\extensions\redhat.java-1.53.0-win32-x64\lombok\lombok-1.18.39-4050.jar -XX:+HeapDumpOnOutOfMemoryError -XX:HeapDumpPath=c:\Users\moham\AppData\Roaming\Cursor\User\workspaceStorage\c7de12cd94fc7e9a986f03314c767550\redhat.java -Daether.dependencyCollector.impl=bf c:\Users\moham\.cursor\extensions\redhat.java-1.53.0-win32-x64\server\plugins\org.eclipse.equinox.launcher_1.7.100.v20251111-0406.jar -configuration c:\Users\moham\AppData\Roaming\Cursor\User\globalStorage\redhat.java\1.53.0\config_win -data c:\Users\moham\AppData\Roaming\Cursor\User\workspaceStorage\c7de12cd94fc7e9a986f03314c767550\redhat.java\jdt_ws --pipe=\\.\pipe\lsp-4138f70e804b02e33fd2a376e4e4a0d5-sock

Host: 11th Gen Intel(R) Core(TM) i5-1135G7 @ 2.40GHz, 8 cores, 7G,  Windows 11 , 64 bit Build 26100 (10.0.26100.7309)
Time: Mon Mar  9 11:18:15 2026 Paris, Madrid elapsed time: 1956.564378 seconds (0d 0h 32m 36s)

---------------  T H R E A D  ---------------

Current thread (0x000001c3b7da8700):  JavaThread "Attach Listener" daemon [_thread_in_vm, id=5912, stack(0x00000017d2600000,0x00000017d2700000) (1024K)]

Stack: [0x00000017d2600000,0x00000017d2700000]
Native frames: (J=compiled Java code, j=interpreted, Vv=VM code, C=native code)
V  [jvm.dll+0x6d7a39]
V  [jvm.dll+0x8b4b26]
V  [jvm.dll+0x8b70de]
V  [jvm.dll+0x8b77c3]
V  [jvm.dll+0x284346]
V  [jvm.dll+0xc1277]
V  [jvm.dll+0x6d82e9]
V  [jvm.dll+0x1334a6]
V  [jvm.dll+0x3f857e]
V  [jvm.dll+0x85f59d]
V  [jvm.dll+0x6d626d]
C  [ucrtbase.dll+0x37b0]
C  [KERNEL32.DLL+0x2e8d7]
C  [ntdll.dll+0x8c53c]


---------------  P R O C E S S  ---------------

Threads class SMR info:
_java_thread_list=0x000001c419321560, length=46, elements={
0x000001c3b7e2c8a0, 0x000001c3b7d9e0c0, 0x000001c3b7d9fd60, 0x000001c3b7da7840,
0x000001c3b7da8700, 0x000001c3b7dab6b0, 0x000001c3b7dac390, 0x000001c3b7daf5e0,
0x000001c411168170, 0x000001c411354600, 0x000001c411437d20, 0x000001c4113776b0,
0x000001c411507d10, 0x000001c41141f800, 0x000001c411734990, 0x000001c4116dabf0,
0x000001c4165bb4d0, 0x000001c411c2d850, 0x000001c4162bf5f0, 0x000001c4162bfc80,
0x000001c4162c09a0, 0x000001c4162bef60, 0x000001c4162c1030, 0x000001c419324c30,
0x000001c419322b60, 0x000001c419323f10, 0x000001c4193252c0, 0x000001c4193245a0,
0x000001c419325950, 0x000001c419325fe0, 0x000001c419326670, 0x000001c4193231f0,
0x000001c419326d00, 0x000001c4193280b0, 0x000001c419327390, 0x000001c419327a20,
0x000001c418986240, 0x000001c419329af0, 0x000001c4181c9aa0, 0x000001c4181cb4e0,
0x000001c4181c8060, 0x000001c4181ca130, 0x000001c4181cd5b0, 0x000001c4181cc890,
0x000001c4181ce960, 0x000001c4181cbb70
}

Java Threads: ( => current thread )
  0x000001c3b7e2c8a0 JavaThread "main"                              [_thread_blocked, id=20392, stack(0x00000017d1f00000,0x00000017d2000000) (1024K)]
  0x000001c3b7d9e0c0 JavaThread "Reference Handler"          daemon [_thread_blocked, id=1204, stack(0x00000017d2300000,0x00000017d2400000) (1024K)]
  0x000001c3b7d9fd60 JavaThread "Finalizer"                  daemon [_thread_blocked, id=17596, stack(0x00000017d2400000,0x00000017d2500000) (1024K)]
  0x000001c3b7da7840 JavaThread "Signal Dispatcher"          daemon [_thread_blocked, id=16364, stack(0x00000017d2500000,0x00000017d2600000) (1024K)]
=>0x000001c3b7da8700 JavaThread "Attach Listener"            daemon [_thread_in_vm, id=5912, stack(0x00000017d2600000,0x00000017d2700000) (1024K)]
  0x000001c3b7dab6b0 JavaThread "Service Thread"             daemon [_thread_blocked, id=1844, stack(0x00000017d2700000,0x00000017d2800000) (1024K)]
  0x000001c3b7dac390 JavaThread "Monitor Deflation Thread"   daemon [_thread_blocked, id=12524, stack(0x00000017d2800000,0x00000017d2900000) (1024K)]
  0x000001c3b7daf5e0 JavaThread "C2 CompilerThread0"         daemon [_thread_blocked, id=23944, stack(0x00000017d2900000,0x00000017d2a00000) (1024K)]
  0x000001c411168170 JavaThread "C1 CompilerThread0"         daemon [_thread_blocked, id=22980, stack(0x00000017d2a00000,0x00000017d2b00000) (1024K)]
  0x000001c411354600 JavaThread "Common-Cleaner"             daemon [_thread_blocked, id=8844, stack(0x00000017d2b00000,0x00000017d2c00000) (1024K)]
  0x000001c411437d20 JavaThread "Notification Thread"        daemon [_thread_blocked, id=14808, stack(0x00000017d2d00000,0x00000017d2e00000) (1024K)]
  0x000001c4113776b0 JavaThread "Active Thread: Equinox Container: 18f8ff8b-b2ca-401a-966a-fdbd3ba4c07d"        [_thread_blocked, id=3956, stack(0x00000017d2c00000,0x00000017d2d00000) (1024K)]
  0x000001c411507d10 JavaThread "Refresh Thread: Equinox Container: 18f8ff8b-b2ca-401a-966a-fdbd3ba4c07d" daemon [_thread_blocked, id=2412, stack(0x00000017d3500000,0x00000017d3600000) (1024K)]
  0x000001c41141f800 JavaThread "Framework Event Dispatcher: Equinox Container: 18f8ff8b-b2ca-401a-966a-fdbd3ba4c07d" daemon [_thread_blocked, id=6988, stack(0x00000017d3600000,0x00000017d3700000) (1024K)]
  0x000001c411734990 JavaThread "Start Level: Equinox Container: 18f8ff8b-b2ca-401a-966a-fdbd3ba4c07d" daemon [_thread_blocked, id=22052, stack(0x00000017d3700000,0x00000017d3800000) (1024K)]
  0x000001c4116dabf0 JavaThread "Bundle File Closer"         daemon [_thread_blocked, id=7708, stack(0x00000017d3900000,0x00000017d3a00000) (1024K)]
  0x000001c4165bb4d0 JavaThread "SCR Component Actor"        daemon [_thread_blocked, id=19308, stack(0x00000017d3800000,0x00000017d3900000) (1024K)]
  0x000001c411c2d850 JavaThread "Worker-JM"                         [_thread_blocked, id=24388, stack(0x00000017d3c00000,0x00000017d3d00000) (1024K)]
  0x000001c4162bf5f0 JavaThread "JNA Cleaner"                daemon [_thread_blocked, id=22672, stack(0x00000017d3d00000,0x00000017d3e00000) (1024K)]
  0x000001c4162bfc80 JavaThread "Worker-0"                          [_thread_blocked, id=3908, stack(0x00000017d3e00000,0x00000017d3f00000) (1024K)]
  0x000001c4162c09a0 JavaThread "Worker-1"                          [_thread_blocked, id=26052, stack(0x00000017d3f00000,0x00000017d4000000) (1024K)]
  0x000001c4162bef60 JavaThread "Java indexing"              daemon [_thread_blocked, id=19980, stack(0x00000017d4000000,0x00000017d4100000) (1024K)]
  0x000001c4162c1030 JavaThread "Thread-1"                   daemon [_thread_in_native, id=9408, stack(0x00000017d4500000,0x00000017d4600000) (1024K)]
  0x000001c419324c30 JavaThread "Thread-2"                   daemon [_thread_in_native, id=5648, stack(0x00000017d4600000,0x00000017d4700000) (1024K)]
  0x000001c419322b60 JavaThread "Thread-3"                   daemon [_thread_in_native, id=24960, stack(0x00000017d4700000,0x00000017d4800000) (1024K)]
  0x000001c419323f10 JavaThread "Thread-4"                   daemon [_thread_in_native, id=24584, stack(0x00000017d4800000,0x00000017d4900000) (1024K)]
  0x000001c4193252c0 JavaThread "Thread-5"                   daemon [_thread_in_native, id=17256, stack(0x00000017d4900000,0x00000017d4a00000) (1024K)]
  0x000001c4193245a0 JavaThread "Thread-6"                   daemon [_thread_in_native, id=26048, stack(0x00000017d4a00000,0x00000017d4b00000) (1024K)]
  0x000001c419325950 JavaThread "Thread-7"                   daemon [_thread_in_native, id=26516, stack(0x00000017d4b00000,0x00000017d4c00000) (1024K)]
  0x000001c419325fe0 JavaThread "Thread-8"                   daemon [_thread_in_native, id=22480, stack(0x00000017d4c00000,0x00000017d4d00000) (1024K)]
  0x000001c419326670 JavaThread "Thread-9"                   daemon [_thread_in_native, id=10224, stack(0x00000017d4d00000,0x00000017d4e00000) (1024K)]
  0x000001c4193231f0 JavaThread "pool-2-thread-1"                   [_thread_blocked, id=10060, stack(0x00000017d4e00000,0x00000017d4f00000) (1024K)]
  0x000001c419326d00 JavaThread "Timer-0"                           [_thread_blocked, id=17112, stack(0x00000017d4f00000,0x00000017d5000000) (1024K)]
  0x000001c4193280b0 JavaThread "Timer-1"                           [_thread_blocked, id=13924, stack(0x00000017d5100000,0x00000017d5200000) (1024K)]
  0x000001c419327390 JavaThread "WorkspaceEventsHandler"            [_thread_blocked, id=24184, stack(0x00000017d5500000,0x00000017d5600000) (1024K)]
  0x000001c419327a20 JavaThread "pool-1-thread-1"                   [_thread_blocked, id=26488, stack(0x00000017d5600000,0x00000017d5700000) (1024K)]
  0x000001c418986240 JavaThread "Timer-2"                           [_thread_blocked, id=13836, stack(0x00000017d5400000,0x00000017d5500000) (1024K)]
  0x000001c419329af0 JavaThread "Timer-3"                           [_thread_blocked, id=25652, stack(0x00000017d5900000,0x00000017d5a00000) (1024K)]
  0x000001c4181c9aa0 JavaThread "Timer-4"                           [_thread_blocked, id=22228, stack(0x00000017d1c00000,0x00000017d1d00000) (1024K)]
  0x000001c4181cb4e0 JavaThread "Timer-5"                           [_thread_blocked, id=14376, stack(0x00000017d3b00000,0x00000017d3c00000) (1024K)]
  0x000001c4181c8060 JavaThread "Timer-6"                           [_thread_blocked, id=23100, stack(0x00000017d5f00000,0x00000017d6000000) (1024K)]
  0x000001c4181ca130 JavaThread "Timer-7"                           [_thread_blocked, id=23244, stack(0x00000017d6000000,0x00000017d6100000) (1024K)]
  0x000001c4181cd5b0 JavaThread "Timer-8"                           [_thread_blocked, id=19832, stack(0x00000017d5d00000,0x00000017d5e00000) (1024K)]
  0x000001c4181cc890 JavaThread "Timer-9"                           [_thread_blocked, id=25572, stack(0x00000017d6100000,0x00000017d6200000) (1024K)]
  0x000001c4181ce960 JavaThread "Timer-10"                          [_thread_blocked, id=24956, stack(0x00000017d6300000,0x00000017d6400000) (1024K)]
  0x000001c4181cbb70 JavaThread "Timer-11"                          [_thread_blocked, id=24332, stack(0x00000017d6500000,0x00000017d6600000) (1024K)]
Total: 46

Other Threads:
  0x000001c3b7d81490 VMThread "VM Thread"                           [id=19592, stack(0x00000017d2200000,0x00000017d2300000) (1024K)]
  0x000001c3b7cbc950 WatcherThread "VM Periodic Task Thread"        [id=13612, stack(0x00000017d2100000,0x00000017d2200000) (1024K)]
  0x000001c3b7e4bbf0 WorkerThread "GC Thread#0"                     [id=25228, stack(0x00000017d2000000,0x00000017d2100000) (1024K)]
  0x000001c41192ce00 WorkerThread "GC Thread#1"                     [id=25728, stack(0x00000017d2e00000,0x00000017d2f00000) (1024K)]
  0x000001c411848640 WorkerThread "GC Thread#2"                     [id=2812, stack(0x00000017d2f00000,0x00000017d3000000) (1024K)]
  0x000001c4118489f0 WorkerThread "GC Thread#3"                     [id=14224, stack(0x00000017d3000000,0x00000017d3100000) (1024K)]
  0x000001c411927970 WorkerThread "GC Thread#4"                     [id=25816, stack(0x00000017d3100000,0x00000017d3200000) (1024K)]
  0x000001c411927d20 WorkerThread "GC Thread#5"                     [id=10124, stack(0x00000017d3200000,0x00000017d3300000) (1024K)]
  0x000001c4119280d0 WorkerThread "GC Thread#6"                     [id=22016, stack(0x00000017d3300000,0x00000017d3400000) (1024K)]
  0x000001c3b7dddd60 WorkerThread "GC Thread#7"                     [id=17216, stack(0x00000017d3400000,0x00000017d3500000) (1024K)]
Total: 10

Threads with active compile tasks:
Total: 0

VM state: not at safepoint (normal execution)

VM Mutex/Monitor currently owned by a thread: None

Heap address: 0x0000000080000000, size: 2048 MB, Compressed Oops mode: 32-bit

CDS archive(s) mapped at: [0x000001c3cf000000-0x000001c3cfba0000-0x000001c3cfba0000), size 12189696, SharedBaseAddress: 0x000001c3cf000000, ArchiveRelocationMode: 1.
Compressed class space mapped at: 0x000001c3d0000000-0x000001c410000000, reserved size: 1073741824
Narrow klass base: 0x000001c3cf000000, Narrow klass shift: 0, Narrow klass range: 0x100000000

GC Precious Log:
 CardTable entry size: 512
 CPUs: 8 total, 8 available
 Memory: 7831M
 Large Page Support: Disabled
 NUMA Support: Disabled
 Compressed Oops: Enabled (32-bit)
 Alignments: Space 512K, Generation 512K, Heap 2M
 Heap Min Capacity: 100M
 Heap Initial Capacity: 100M
 Heap Max Capacity: 2G
 Pre-touch: Disabled
 Parallel Workers: 8

Heap:
 PSYoungGen      total 20480K, used 7849K [0x00000000d5580000, 0x00000000d6b00000, 0x0000000100000000)
  eden space 19968K, 38% used [0x00000000d5580000,0x00000000d5cfa568,0x00000000d6900000)
  from space 512K, 37% used [0x00000000d6a80000,0x00000000d6ab0000,0x00000000d6b00000)
  to   space 512K, 0% used [0x00000000d6a00000,0x00000000d6a00000,0x00000000d6a80000)
 ParOldGen       total 68608K, used 43656K [0x0000000080000000, 0x0000000084300000, 0x00000000d5580000)
  object space 68608K, 63% used [0x0000000080000000,0x0000000082aa2260,0x0000000084300000)
 Metaspace       used 69389K, committed 70848K, reserved 1114112K
  class space    used 8709K, committed 9344K, reserved 1048576K

Card table byte_map: [0x000001c3b77d0000,0x000001c3b7be0000] _byte_map_base: 0x000001c3b73d0000

Marking Bits: (ParMarkBitMap*) 0x00007ffd48c53450
 Begin Bits: [0x000001c3ca2e0000, 0x000001c3cc2e0000)
 End Bits:   [0x000001c3cc2e0000, 0x000001c3ce2e0000)

Polling page: 0x000001c3b5bd0000

Metaspace:

Usage:
  Non-class:     59.26 MB used.
      Class:      8.51 MB used.
       Both:     67.76 MB used.

Virtual space:
  Non-class space:       64.00 MB reserved,      60.06 MB ( 94%) committed,  1 nodes.
      Class space:        1.00 GB reserved,       9.12 MB ( <1%) committed,  1 nodes.
             Both:        1.06 GB reserved,      69.19 MB (  6%) committed. 

Chunk freelists:
   Non-Class:  3.82 MB
       Class:  6.70 MB
        Both:  10.53 MB

MaxMetaspaceSize: unlimited
CompressedClassSpaceSize: 1.00 GB
Initial GC threshold: 21.00 MB
Current GC threshold: 97.31 MB
CDS: on
 - commit_granule_bytes: 65536.
 - commit_granule_words: 8192.
 - virtual_space_node_default_size: 8388608.
 - enlarge_chunks_in_place: 1.
 - use_allocation_guard: 0.


Internal statistics:

num_allocs_failed_limit: 9.
num_arena_births: 1222.
num_arena_deaths: 14.
num_vsnodes_births: 2.
num_vsnodes_deaths: 0.
num_space_committed: 1107.
num_space_uncommitted: 0.
num_chunks_returned_to_freelist: 23.
num_chunks_taken_from_freelist: 4255.
num_chunk_merges: 11.
num_chunk_splits: 2611.
num_chunks_enlarged: 1491.
num_inconsistent_stats: 0.

CodeHeap 'non-profiled nmethods': size=120000Kb used=6398Kb max_used=6398Kb free=113601Kb
 bounds [0x000001c3c2b00000, 0x000001c3c3140000, 0x000001c3ca030000]
CodeHeap 'profiled nmethods': size=120000Kb used=16363Kb max_used=16363Kb free=103637Kb
 bounds [0x000001c3bb030000, 0x000001c3bc030000, 0x000001c3c2560000]
CodeHeap 'non-nmethods': size=5760Kb used=1438Kb max_used=1506Kb free=4321Kb
 bounds [0x000001c3c2560000, 0x000001c3c27d0000, 0x000001c3c2b00000]
CodeCache: size=245760Kb, used=24199Kb, max_used=24267Kb, free=221559Kb
 total_blobs=8983, nmethods=8248, adapters=641, full_count=0
Compilation: enabled, stopped_count=0, restarted_count=0

Compilation events (20 events):
Event: 332.411 Thread 0x000001c411168170 8993       3       com.google.gson.stream.JsonWriter::push (47 bytes)
Event: 332.411 Thread 0x000001c411168170 nmethod 8993 0x000001c3bc026190 code [0x000001c3bc026340, 0x000001c3bc026520]
Event: 332.411 Thread 0x000001c411168170 8994       1       org.eclipse.core.internal.dtree.NodeComparison::getUserComparison (5 bytes)
Event: 332.411 Thread 0x000001c411168170 nmethod 8994 0x000001c3c313ea90 code [0x000001c3c313ec20, 0x000001c3c313ece8]
Event: 595.235 Thread 0x000001c411168170 8995       3       java.util.concurrent.locks.AbstractQueuedSynchronizer$ConditionObject::enableWait (84 bytes)
Event: 595.240 Thread 0x000001c411168170 nmethod 8995 0x000001c3bc026690 code [0x000001c3bc0268a0, 0x000001c3bc026ed8]
Event: 1025.655 Thread 0x000001c411168170 8997       3       java.util.concurrent.ScheduledThreadPoolExecutor::triggerTime (22 bytes)
Event: 1025.663 Thread 0x000001c411168170 nmethod 8997 0x000001c3bc027110 code [0x000001c3bc0272c0, 0x000001c3bc0274a0]
Event: 1224.202 Thread 0x000001c411168170 8998       3       org.eclipse.core.runtime.jobs.Job::getJobGroup (5 bytes)
Event: 1224.209 Thread 0x000001c411168170 nmethod 8998 0x000001c3bc027590 code [0x000001c3bc027720, 0x000001c3bc027840]
Event: 1302.563 Thread 0x000001c411168170 8999 % !   3       java.util.TimerThread::mainLoop @ 0 (232 bytes)
Event: 1302.584 Thread 0x000001c411168170 nmethod 8999% 0x000001c3bc027910 code [0x000001c3bc027be0, 0x000001c3bc028a90]
Event: 1305.911 Thread 0x000001c411168170 9000       1       org.eclipse.jdt.ls.core.internal.LanguageServerApplication::getParentProcessId (5 bytes)
Event: 1305.912 Thread 0x000001c411168170 nmethod 9000 0x000001c3c313f190 code [0x000001c3c313f320, 0x000001c3c313f3e8]
Event: 1324.000 Thread 0x000001c411168170 9001   !   3       java.util.TimerThread::mainLoop (232 bytes)
Event: 1324.004 Thread 0x000001c411168170 nmethod 9001 0x000001c3bc029310 code [0x000001c3bc0295c0, 0x000001c3bc02a378]
Event: 1375.956 Thread 0x000001c3b7daf5e0 9002       4       jdk.internal.misc.Unsafe::putIntOpaque (9 bytes)
Event: 1375.961 Thread 0x000001c3b7daf5e0 nmethod 9002 0x000001c3c313f490 code [0x000001c3c313f620, 0x000001c3c313f6b8]
Event: 1705.496 Thread 0x000001c411168170 9003       1       com.sun.jna.internal.Cleaner::access$100 (5 bytes)
Event: 1705.504 Thread 0x000001c411168170 nmethod 9003 0x000001c3c313f790 code [0x000001c3c313f920, 0x000001c3c313f9d0]

GC Heap History (20 events):
Event: 32.212 GC heap before
{Heap before GC invocations=44 (full 3):
 PSYoungGen      total 20992K, used 20979K [0x00000000d5580000, 0x00000000d6c00000, 0x0000000100000000)
  eden space 19968K, 100% used [0x00000000d5580000,0x00000000d6900000,0x00000000d6900000)
  from space 1024K, 98% used [0x00000000d6b00000,0x00000000d6bfcd90,0x00000000d6c00000)
  to   space 1536K, 0% used [0x00000000d6900000,0x00000000d6900000,0x00000000d6a80000)
 ParOldGen       total 68608K, used 41578K [0x0000000080000000, 0x0000000084300000, 0x00000000d5580000)
  object space 68608K, 60% used [0x0000000080000000,0x000000008289ab98,0x0000000084300000)
 Metaspace       used 65394K, committed 66688K, reserved 1114112K
  class space    used 8196K, committed 8768K, reserved 1048576K
}
Event: 32.213 GC heap after
{Heap after GC invocations=44 (full 3):
 PSYoungGen      total 21504K, used 1097K [0x00000000d5580000, 0x00000000d6c00000, 0x0000000100000000)
  eden space 19968K, 0% used [0x00000000d5580000,0x00000000d5580000,0x00000000d6900000)
  from space 1536K, 71% used [0x00000000d6900000,0x00000000d6a125c8,0x00000000d6a80000)
  to   space 1536K, 0% used [0x00000000d6a80000,0x00000000d6a80000,0x00000000d6c00000)
 ParOldGen       total 68608K, used 41610K [0x0000000080000000, 0x0000000084300000, 0x00000000d5580000)
  object space 68608K, 60% used [0x0000000080000000,0x00000000828a2b98,0x0000000084300000)
 Metaspace       used 65394K, committed 66688K, reserved 1114112K
  class space    used 8196K, committed 8768K, reserved 1048576K
}
Event: 32.463 GC heap before
{Heap before GC invocations=45 (full 3):
 PSYoungGen      total 21504K, used 21065K [0x00000000d5580000, 0x00000000d6c00000, 0x0000000100000000)
  eden space 19968K, 100% used [0x00000000d5580000,0x00000000d6900000,0x00000000d6900000)
  from space 1536K, 71% used [0x00000000d6900000,0x00000000d6a125c8,0x00000000d6a80000)
  to   space 1536K, 0% used [0x00000000d6a80000,0x00000000d6a80000,0x00000000d6c00000)
 ParOldGen       total 68608K, used 41610K [0x0000000080000000, 0x0000000084300000, 0x00000000d5580000)
  object space 68608K, 60% used [0x0000000080000000,0x00000000828a2b98,0x0000000084300000)
 Metaspace       used 66155K, committed 67520K, reserved 1114112K
  class space    used 8318K, committed 8960K, reserved 1048576K
}
Event: 32.465 GC heap after
{Heap after GC invocations=45 (full 3):
 PSYoungGen      total 20480K, used 384K [0x00000000d5580000, 0x00000000d6b00000, 0x0000000100000000)
  eden space 19968K, 0% used [0x00000000d5580000,0x00000000d5580000,0x00000000d6900000)
  from space 512K, 75% used [0x00000000d6a80000,0x00000000d6ae0000,0x00000000d6b00000)
  to   space 1024K, 0% used [0x00000000d6900000,0x00000000d6900000,0x00000000d6a00000)
 ParOldGen       total 68608K, used 41626K [0x0000000080000000, 0x0000000084300000, 0x00000000d5580000)
  object space 68608K, 60% used [0x0000000080000000,0x00000000828a6b98,0x0000000084300000)
 Metaspace       used 66155K, committed 67520K, reserved 1114112K
  class space    used 8318K, committed 8960K, reserved 1048576K
}
Event: 46.549 GC heap before
{Heap before GC invocations=46 (full 3):
 PSYoungGen      total 20480K, used 20352K [0x00000000d5580000, 0x00000000d6b00000, 0x0000000100000000)
  eden space 19968K, 100% used [0x00000000d5580000,0x00000000d6900000,0x00000000d6900000)
  from space 512K, 75% used [0x00000000d6a80000,0x00000000d6ae0000,0x00000000d6b00000)
  to   space 1024K, 0% used [0x00000000d6900000,0x00000000d6900000,0x00000000d6a00000)
 ParOldGen       total 68608K, used 41626K [0x0000000080000000, 0x0000000084300000, 0x00000000d5580000)
  object space 68608K, 60% used [0x0000000080000000,0x00000000828a6b98,0x0000000084300000)
 Metaspace       used 67144K, committed 68480K, reserved 1114112K
  class space    used 8420K, committed 9024K, reserved 1048576K
}
Event: 46.550 GC heap after
{Heap after GC invocations=46 (full 3):
 PSYoungGen      total 20992K, used 416K [0x00000000d5580000, 0x00000000d6b00000, 0x0000000100000000)
  eden space 19968K, 0% used [0x00000000d5580000,0x00000000d5580000,0x00000000d6900000)
  from space 1024K, 40% used [0x00000000d6900000,0x00000000d6968010,0x00000000d6a00000)
  to   space 512K, 0% used [0x00000000d6a80000,0x00000000d6a80000,0x00000000d6b00000)
 ParOldGen       total 68608K, used 41818K [0x0000000080000000, 0x0000000084300000, 0x00000000d5580000)
  object space 68608K, 60% used [0x0000000080000000,0x00000000828d6b98,0x0000000084300000)
 Metaspace       used 67144K, committed 68480K, reserved 1114112K
  class space    used 8420K, committed 9024K, reserved 1048576K
}
Event: 49.965 GC heap before
{Heap before GC invocations=47 (full 3):
 PSYoungGen      total 20992K, used 20384K [0x00000000d5580000, 0x00000000d6b00000, 0x0000000100000000)
  eden space 19968K, 100% used [0x00000000d5580000,0x00000000d6900000,0x00000000d6900000)
  from space 1024K, 40% used [0x00000000d6900000,0x00000000d6968010,0x00000000d6a00000)
  to   space 512K, 0% used [0x00000000d6a80000,0x00000000d6a80000,0x00000000d6b00000)
 ParOldGen       total 68608K, used 41818K [0x0000000080000000, 0x0000000084300000, 0x00000000d5580000)
  object space 68608K, 60% used [0x0000000080000000,0x00000000828d6b98,0x0000000084300000)
 Metaspace       used 67157K, committed 68480K, reserved 1114112K
  class space    used 8420K, committed 9024K, reserved 1048576K
}
Event: 49.966 GC heap after
{Heap after GC invocations=47 (full 3):
 PSYoungGen      total 20480K, used 160K [0x00000000d5580000, 0x00000000d6b00000, 0x0000000100000000)
  eden space 19968K, 0% used [0x00000000d5580000,0x00000000d5580000,0x00000000d6900000)
  from space 512K, 31% used [0x00000000d6a80000,0x00000000d6aa8000,0x00000000d6b00000)
  to   space 512K, 0% used [0x00000000d6a00000,0x00000000d6a00000,0x00000000d6a80000)
 ParOldGen       total 68608K, used 42130K [0x0000000080000000, 0x0000000084300000, 0x00000000d5580000)
  object space 68608K, 61% used [0x0000000080000000,0x0000000082924be8,0x0000000084300000)
 Metaspace       used 67157K, committed 68480K, reserved 1114112K
  class space    used 8420K, committed 9024K, reserved 1048576K
}
Event: 50.984 GC heap before
{Heap before GC invocations=48 (full 3):
 PSYoungGen      total 20480K, used 20128K [0x00000000d5580000, 0x00000000d6b00000, 0x0000000100000000)
  eden space 19968K, 100% used [0x00000000d5580000,0x00000000d6900000,0x00000000d6900000)
  from space 512K, 31% used [0x00000000d6a80000,0x00000000d6aa8000,0x00000000d6b00000)
  to   space 512K, 0% used [0x00000000d6a00000,0x00000000d6a00000,0x00000000d6a80000)
 ParOldGen       total 68608K, used 42130K [0x0000000080000000, 0x0000000084300000, 0x00000000d5580000)
  object space 68608K, 61% used [0x0000000080000000,0x0000000082924be8,0x0000000084300000)
 Metaspace       used 67596K, committed 68992K, reserved 1114112K
  class space    used 8491K, committed 9152K, reserved 1048576K
}
Event: 50.985 GC heap after
{Heap after GC invocations=48 (full 3):
 PSYoungGen      total 20480K, used 511K [0x00000000d5580000, 0x00000000d6b00000, 0x0000000100000000)
  eden space 19968K, 0% used [0x00000000d5580000,0x00000000d5580000,0x00000000d6900000)
  from space 512K, 99% used [0x00000000d6a00000,0x00000000d6a7fec8,0x00000000d6a80000)
  to   space 512K, 0% used [0x00000000d6a80000,0x00000000d6a80000,0x00000000d6b00000)
 ParOldGen       total 68608K, used 42250K [0x0000000080000000, 0x0000000084300000, 0x00000000d5580000)
  object space 68608K, 61% used [0x0000000080000000,0x0000000082942be8,0x0000000084300000)
 Metaspace       used 67596K, committed 68992K, reserved 1114112K
  class space    used 8491K, committed 9152K, reserved 1048576K
}
Event: 51.464 GC heap before
{Heap before GC invocations=49 (full 3):
 PSYoungGen      total 20480K, used 20479K [0x00000000d5580000, 0x00000000d6b00000, 0x0000000100000000)
  eden space 19968K, 100% used [0x00000000d5580000,0x00000000d6900000,0x00000000d6900000)
  from space 512K, 99% used [0x00000000d6a00000,0x00000000d6a7fec8,0x00000000d6a80000)
  to   space 512K, 0% used [0x00000000d6a80000,0x00000000d6a80000,0x00000000d6b00000)
 ParOldGen       total 68608K, used 42250K [0x0000000080000000, 0x0000000084300000, 0x00000000d5580000)
  object space 68608K, 61% used [0x0000000080000000,0x0000000082942be8,0x0000000084300000)
 Metaspace       used 67596K, committed 68992K, reserved 1114112K
  class space    used 8491K, committed 9152K, reserved 1048576K
}
Event: 51.467 GC heap after
{Heap after GC invocations=49 (full 3):
 PSYoungGen      total 20480K, used 192K [0x00000000d5580000, 0x00000000d6b00000, 0x0000000100000000)
  eden space 19968K, 0% used [0x00000000d5580000,0x00000000d5580000,0x00000000d6900000)
  from space 512K, 37% used [0x00000000d6a80000,0x00000000d6ab0000,0x00000000d6b00000)
  to   space 512K, 0% used [0x00000000d6a00000,0x00000000d6a00000,0x00000000d6a80000)
 ParOldGen       total 68608K, used 42754K [0x0000000080000000, 0x0000000084300000, 0x00000000d5580000)
  object space 68608K, 62% used [0x0000000080000000,0x00000000829c0af0,0x0000000084300000)
 Metaspace       used 67596K, committed 68992K, reserved 1114112K
  class space    used 8491K, committed 9152K, reserved 1048576K
}
Event: 65.376 GC heap before
{Heap before GC invocations=50 (full 3):
 PSYoungGen      total 20480K, used 20160K [0x00000000d5580000, 0x00000000d6b00000, 0x0000000100000000)
  eden space 19968K, 100% used [0x00000000d5580000,0x00000000d6900000,0x00000000d6900000)
  from space 512K, 37% used [0x00000000d6a80000,0x00000000d6ab0000,0x00000000d6b00000)
  to   space 512K, 0% used [0x00000000d6a00000,0x00000000d6a00000,0x00000000d6a80000)
 ParOldGen       total 68608K, used 42754K [0x0000000080000000, 0x0000000084300000, 0x00000000d5580000)
  object space 68608K, 62% used [0x0000000080000000,0x00000000829c0af0,0x0000000084300000)
 Metaspace       used 67742K, committed 69120K, reserved 1114112K
  class space    used 8514K, committed 9152K, reserved 1048576K
}
Event: 65.377 GC heap after
{Heap after GC invocations=50 (full 3):
 PSYoungGen      total 20480K, used 512K [0x00000000d5580000, 0x00000000d6b00000, 0x0000000100000000)
  eden space 19968K, 0% used [0x00000000d5580000,0x00000000d5580000,0x00000000d6900000)
  from space 512K, 100% used [0x00000000d6a00000,0x00000000d6a80000,0x00000000d6a80000)
  to   space 512K, 0% used [0x00000000d6a80000,0x00000000d6a80000,0x00000000d6b00000)
 ParOldGen       total 68608K, used 42850K [0x0000000080000000, 0x0000000084300000, 0x00000000d5580000)
  object space 68608K, 62% used [0x0000000080000000,0x00000000829d8b20,0x0000000084300000)
 Metaspace       used 67742K, committed 69120K, reserved 1114112K
  class space    used 8514K, committed 9152K, reserved 1048576K
}
Event: 65.723 GC heap before
{Heap before GC invocations=51 (full 3):
 PSYoungGen      total 20480K, used 20480K [0x00000000d5580000, 0x00000000d6b00000, 0x0000000100000000)
  eden space 19968K, 100% used [0x00000000d5580000,0x00000000d6900000,0x00000000d6900000)
  from space 512K, 100% used [0x00000000d6a00000,0x00000000d6a80000,0x00000000d6a80000)
  to   space 512K, 0% used [0x00000000d6a80000,0x00000000d6a80000,0x00000000d6b00000)
 ParOldGen       total 68608K, used 42850K [0x0000000080000000, 0x0000000084300000, 0x00000000d5580000)
  object space 68608K, 62% used [0x0000000080000000,0x00000000829d8b20,0x0000000084300000)
 Metaspace       used 68970K, committed 70464K, reserved 1114112K
  class space    used 8662K, committed 9344K, reserved 1048576K
}
Event: 65.724 GC heap after
{Heap after GC invocations=51 (full 3):
 PSYoungGen      total 20480K, used 504K [0x00000000d5580000, 0x00000000d6b00000, 0x0000000100000000)
  eden space 19968K, 0% used [0x00000000d5580000,0x00000000d5580000,0x00000000d6900000)
  from space 512K, 98% used [0x00000000d6a80000,0x00000000d6afe1a8,0x00000000d6b00000)
  to   space 1024K, 0% used [0x00000000d6900000,0x00000000d6900000,0x00000000d6a00000)
 ParOldGen       total 68608K, used 43042K [0x0000000080000000, 0x0000000084300000, 0x00000000d5580000)
  object space 68608K, 62% used [0x0000000080000000,0x0000000082a08b20,0x0000000084300000)
 Metaspace       used 68970K, committed 70464K, reserved 1114112K
  class space    used 8662K, committed 9344K, reserved 1048576K
}
Event: 74.120 GC heap before
{Heap before GC invocations=52 (full 3):
 PSYoungGen      total 20480K, used 20471K [0x00000000d5580000, 0x00000000d6b00000, 0x0000000100000000)
  eden space 19968K, 99% used [0x00000000d5580000,0x00000000d68ffc20,0x00000000d6900000)
  from space 512K, 98% used [0x00000000d6a80000,0x00000000d6afe1a8,0x00000000d6b00000)
  to   space 1024K, 0% used [0x00000000d6900000,0x00000000d6900000,0x00000000d6a00000)
 ParOldGen       total 68608K, used 43042K [0x0000000080000000, 0x0000000084300000, 0x00000000d5580000)
  object space 68608K, 62% used [0x0000000080000000,0x0000000082a08b20,0x0000000084300000)
 Metaspace       used 69021K, committed 70528K, reserved 1114112K
  class space    used 8663K, committed 9344K, reserved 1048576K
}
Event: 74.122 GC heap after
{Heap after GC invocations=52 (full 3):
 PSYoungGen      total 20992K, used 192K [0x00000000d5580000, 0x00000000d6b00000, 0x0000000100000000)
  eden space 19968K, 0% used [0x00000000d5580000,0x00000000d5580000,0x00000000d6900000)
  from space 1024K, 18% used [0x00000000d6900000,0x00000000d6930000,0x00000000d6a00000)
  to   space 512K, 0% used [0x00000000d6a80000,0x00000000d6a80000,0x00000000d6b00000)
 ParOldGen       total 68608K, used 43532K [0x0000000080000000, 0x0000000084300000, 0x00000000d5580000)
  object space 68608K, 63% used [0x0000000080000000,0x0000000082a83230,0x0000000084300000)
 Metaspace       used 69021K, committed 70528K, reserved 1114112K
  class space    used 8663K, committed 9344K, reserved 1048576K
}
Event: 75.241 GC heap before
{Heap before GC invocations=53 (full 3):
 PSYoungGen      total 20992K, used 20160K [0x00000000d5580000, 0x00000000d6b00000, 0x0000000100000000)
  eden space 19968K, 100% used [0x00000000d5580000,0x00000000d6900000,0x00000000d6900000)
  from space 1024K, 18% used [0x00000000d6900000,0x00000000d6930000,0x00000000d6a00000)
  to   space 512K, 0% used [0x00000000d6a80000,0x00000000d6a80000,0x00000000d6b00000)
 ParOldGen       total 68608K, used 43532K [0x0000000080000000, 0x0000000084300000, 0x00000000d5580000)
  object space 68608K, 63% used [0x0000000080000000,0x0000000082a83230,0x0000000084300000)
 Metaspace       used 69022K, committed 70528K, reserved 1114112K
  class space    used 8663K, committed 9344K, reserved 1048576K
}
Event: 75.241 GC heap after
{Heap after GC invocations=53 (full 3):
 PSYoungGen      total 20480K, used 192K [0x00000000d5580000, 0x00000000d6b00000, 0x0000000100000000)
  eden space 19968K, 0% used [0x00000000d5580000,0x00000000d5580000,0x00000000d6900000)
  from space 512K, 37% used [0x00000000d6a80000,0x00000000d6ab0000,0x00000000d6b00000)
  to   space 512K, 0% used [0x00000000d6a00000,0x00000000d6a00000,0x00000000d6a80000)
 ParOldGen       total 68608K, used 43656K [0x0000000080000000, 0x0000000084300000, 0x00000000d5580000)
  object space 68608K, 63% used [0x0000000080000000,0x0000000082aa2260,0x0000000084300000)
 Metaspace       used 69022K, committed 70528K, reserved 1114112K
  class space    used 8663K, committed 9344K, reserved 1048576K
}

Dll operation events (15 events):
Event: 0.046 Loaded shared library c:\Users\moham\.cursor\extensions\redhat.java-1.53.0-win32-x64\jre\21.0.10-win32-x86_64\bin\java.dll
Event: 0.177 Loaded shared library c:\Users\moham\.cursor\extensions\redhat.java-1.53.0-win32-x64\jre\21.0.10-win32-x86_64\bin\zip.dll
Event: 0.203 Loaded shared library C:\Users\moham\.cursor\extensions\redhat.java-1.53.0-win32-x64\jre\21.0.10-win32-x86_64\bin\instrument.dll
Event: 0.210 Loaded shared library C:\Users\moham\.cursor\extensions\redhat.java-1.53.0-win32-x64\jre\21.0.10-win32-x86_64\bin\net.dll
Event: 0.214 Loaded shared library C:\Users\moham\.cursor\extensions\redhat.java-1.53.0-win32-x64\jre\21.0.10-win32-x86_64\bin\nio.dll
Event: 0.221 Loaded shared library C:\Users\moham\.cursor\extensions\redhat.java-1.53.0-win32-x64\jre\21.0.10-win32-x86_64\bin\zip.dll
Event: 0.259 Loaded shared library C:\Users\moham\.cursor\extensions\redhat.java-1.53.0-win32-x64\jre\21.0.10-win32-x86_64\bin\jimage.dll
Event: 0.376 Loaded shared library c:\Users\moham\.cursor\extensions\redhat.java-1.53.0-win32-x64\jre\21.0.10-win32-x86_64\bin\verify.dll
Event: 13.951 Loaded shared library C:\Users\moham\AppData\Roaming\Cursor\User\globalStorage\redhat.java\1.53.0\config_win\org.eclipse.equinox.launcher\org.eclipse.equinox.launcher.win32.win32.x86_64_1.3.0.v20260203-2149\eclipse_11919.dll
Event: 24.056 Loaded shared library C:\Users\moham\AppData\Local\Temp\jna-104073650\jna16086424844424700003.dll
Event: 25.397 Loaded shared library C:\Users\moham\.cursor\extensions\redhat.java-1.53.0-win32-x64\jre\21.0.10-win32-x86_64\bin\sunmscapi.dll
Event: 25.491 Loaded shared library C:\Users\moham\.cursor\extensions\redhat.java-1.53.0-win32-x64\jre\21.0.10-win32-x86_64\bin\extnet.dll
Event: 27.652 Loaded shared library C:\Users\moham\.gradle\native\68d5fa5c4cc2d200863cafc0d521ce42e7d3e7ee720ec0a83991735586a16f82\windows-amd64\native-platform.dll
Event: 28.852 Loaded shared library C:\Users\moham\.cursor\extensions\redhat.java-1.53.0-win32-x64\jre\21.0.10-win32-x86_64\bin\management.dll
Event: 28.855 Loaded shared library C:\Users\moham\.cursor\extensions\redhat.java-1.53.0-win32-x64\jre\21.0.10-win32-x86_64\bin\management_ext.dll

Deoptimization events (20 events):
Event: 332.285 Thread 0x000001c4162c09a0 Uncommon trap: trap_request=0xffffffde fr.pc=0x000001c3c2f6d558 relative=0x0000000000000cf8
Event: 332.285 Thread 0x000001c4162c09a0 Uncommon trap: reason=class_check action=maybe_recompile pc=0x000001c3c2f6d558 method=java.io.DataOutputStream.write([BII)V @ 7 c2
Event: 332.285 Thread 0x000001c4162c09a0 DEOPT PACKING pc=0x000001c3c2f6d558 sp=0x00000017d3ffeb90
Event: 332.285 Thread 0x000001c4162c09a0 DEOPT UNPACKING pc=0x000001c3c25b6da2 sp=0x00000017d3ffeab0 mode 2
Event: 332.285 Thread 0x000001c4162c09a0 Uncommon trap: trap_request=0xffffff45 fr.pc=0x000001c3c2f72938 relative=0x0000000000000398
Event: 332.285 Thread 0x000001c4162c09a0 Uncommon trap: reason=unstable_if action=reinterpret pc=0x000001c3c2f72938 method=java.io.BufferedOutputStream.implWrite([BII)V @ 5 c2
Event: 332.285 Thread 0x000001c4162c09a0 DEOPT PACKING pc=0x000001c3c2f72938 sp=0x00000017d3ffe9f0
Event: 332.285 Thread 0x000001c4162c09a0 DEOPT UNPACKING pc=0x000001c3c25b6da2 sp=0x00000017d3ffe940 mode 2
Event: 332.285 Thread 0x000001c4162c09a0 Uncommon trap: trap_request=0xffffffde fr.pc=0x000001c3c2f6d558 relative=0x0000000000000cf8
Event: 332.285 Thread 0x000001c4162c09a0 Uncommon trap: reason=class_check action=maybe_recompile pc=0x000001c3c2f6d558 method=java.io.DataOutputStream.write([BII)V @ 7 c2
Event: 332.285 Thread 0x000001c4162c09a0 DEOPT PACKING pc=0x000001c3c2f6d558 sp=0x00000017d3ffeb90
Event: 332.285 Thread 0x000001c4162c09a0 DEOPT UNPACKING pc=0x000001c3c25b6da2 sp=0x00000017d3ffeab0 mode 2
Event: 332.285 Thread 0x000001c4162c09a0 Uncommon trap: trap_request=0xffffffde fr.pc=0x000001c3c2f6d558 relative=0x0000000000000cf8
Event: 332.285 Thread 0x000001c4162c09a0 Uncommon trap: reason=class_check action=maybe_recompile pc=0x000001c3c2f6d558 method=java.io.DataOutputStream.write([BII)V @ 7 c2
Event: 332.285 Thread 0x000001c4162c09a0 DEOPT PACKING pc=0x000001c3c2f6d558 sp=0x00000017d3ffeb90
Event: 332.285 Thread 0x000001c4162c09a0 DEOPT UNPACKING pc=0x000001c3c25b6da2 sp=0x00000017d3ffeab0 mode 2
Event: 332.285 Thread 0x000001c4162c09a0 Uncommon trap: trap_request=0xffffff45 fr.pc=0x000001c3c2f735cc relative=0x000000000000020c
Event: 332.285 Thread 0x000001c4162c09a0 Uncommon trap: reason=unstable_if action=reinterpret pc=0x000001c3c2f735cc method=java.io.BufferedOutputStream.implWrite([BII)V @ 5 c2
Event: 332.285 Thread 0x000001c4162c09a0 DEOPT PACKING pc=0x000001c3c2f735cc sp=0x00000017d3ffe970
Event: 332.285 Thread 0x000001c4162c09a0 DEOPT UNPACKING pc=0x000001c3c25b6da2 sp=0x00000017d3ffe948 mode 2

Classes loaded (20 events):
Event: 65.574 Loading class java/util/concurrent/CompletableFuture$UniApply
Event: 65.574 Loading class java/util/concurrent/CompletableFuture$UniCompletion
Event: 65.575 Loading class java/util/concurrent/CompletableFuture$UniCompletion done
Event: 65.575 Loading class java/util/concurrent/CompletableFuture$UniApply done
Event: 65.576 Loading class java/util/concurrent/CompletableFuture$UniAccept
Event: 65.576 Loading class java/util/concurrent/CompletableFuture$UniAccept done
Event: 65.576 Loading class java/util/concurrent/CompletableFuture$UniExceptionally
Event: 65.576 Loading class java/util/concurrent/CompletableFuture$UniExceptionally done
Event: 332.014 Loading class java/util/concurrent/ForkJoinTask$AdaptedCallable
Event: 332.018 Loading class java/util/concurrent/ForkJoinTask$AdaptedCallable done
Event: 332.038 Loading class java/util/stream/Nodes$CollectorTask$OfRef
Event: 332.045 Loading class java/util/stream/Nodes$CollectorTask
Event: 332.053 Loading class java/util/stream/Nodes$CollectorTask done
Event: 332.053 Loading class java/util/stream/Nodes$CollectorTask$OfRef done
Event: 332.055 Loading class java/util/function/LongFunction
Event: 332.057 Loading class java/util/function/LongFunction done
Event: 332.062 Loading class java/util/stream/Nodes$ConcNode
Event: 332.066 Loading class java/util/stream/Nodes$AbstractConcNode
Event: 332.069 Loading class java/util/stream/Nodes$AbstractConcNode done
Event: 332.069 Loading class java/util/stream/Nodes$ConcNode done

Classes unloaded (7 events):
Event: 24.476 Thread 0x000001c3b7d81490 Unloading class 0x000001c3d01a4800 'java/lang/invoke/LambdaForm$MH+0x000001c3d01a4800'
Event: 24.476 Thread 0x000001c3b7d81490 Unloading class 0x000001c3d01a4400 'java/lang/invoke/LambdaForm$MH+0x000001c3d01a4400'
Event: 24.476 Thread 0x000001c3b7d81490 Unloading class 0x000001c3d01a4000 'java/lang/invoke/LambdaForm$MH+0x000001c3d01a4000'
Event: 24.476 Thread 0x000001c3b7d81490 Unloading class 0x000001c3d01a3c00 'java/lang/invoke/LambdaForm$MH+0x000001c3d01a3c00'
Event: 24.476 Thread 0x000001c3b7d81490 Unloading class 0x000001c3d01a3800 'java/lang/invoke/LambdaForm$BMH+0x000001c3d01a3800'
Event: 24.476 Thread 0x000001c3b7d81490 Unloading class 0x000001c3d01a3400 'java/lang/invoke/LambdaForm$DMH+0x000001c3d01a3400'
Event: 24.476 Thread 0x000001c3b7d81490 Unloading class 0x000001c3d01a2000 'java/lang/invoke/LambdaForm$DMH+0x000001c3d01a2000'

Classes redefined (0 events):
No events

Internal exceptions (20 events):
Event: 65.424 Thread 0x000001c419327a20 Exception <a 'sun/nio/fs/WindowsException'{0x00000000d5a5ad10}> (0x00000000d5a5ad10) 
thrown [s\src\hotspot\share\prims\jni.cpp, line 520]
Event: 65.424 Thread 0x000001c419327a20 Exception <a 'sun/nio/fs/WindowsException'{0x00000000d5a5b818}> (0x00000000d5a5b818) 
thrown [s\src\hotspot\share\prims\jni.cpp, line 520]
Event: 65.425 Thread 0x000001c419327a20 Exception <a 'sun/nio/fs/WindowsException'{0x00000000d5a82390}> (0x00000000d5a82390) 
thrown [s\src\hotspot\share\prims\jni.cpp, line 520]
Event: 65.425 Thread 0x000001c419327a20 Exception <a 'sun/nio/fs/WindowsException'{0x00000000d5a82c70}> (0x00000000d5a82c70) 
thrown [s\src\hotspot\share\prims\jni.cpp, line 520]
Event: 65.425 Thread 0x000001c419327a20 Exception <a 'sun/nio/fs/WindowsException'{0x00000000d5a95e78}> (0x00000000d5a95e78) 
thrown [s\src\hotspot\share\prims\jni.cpp, line 520]
Event: 65.425 Thread 0x000001c419327a20 Exception <a 'sun/nio/fs/WindowsException'{0x00000000d5a96840}> (0x00000000d5a96840) 
thrown [s\src\hotspot\share\prims\jni.cpp, line 520]
Event: 65.426 Thread 0x000001c419327a20 Exception <a 'sun/nio/fs/WindowsException'{0x00000000d5ac4c20}> (0x00000000d5ac4c20) 
thrown [s\src\hotspot\share\prims\jni.cpp, line 520]
Event: 65.426 Thread 0x000001c419327a20 Exception <a 'sun/nio/fs/WindowsException'{0x00000000d5ac5338}> (0x00000000d5ac5338) 
thrown [s\src\hotspot\share\prims\jni.cpp, line 520]
Event: 65.427 Thread 0x000001c419327a20 Exception <a 'sun/nio/fs/WindowsException'{0x00000000d5ad4088}> (0x00000000d5ad4088) 
thrown [s\src\hotspot\share\prims\jni.cpp, line 520]
Event: 65.427 Thread 0x000001c419327a20 Exception <a 'sun/nio/fs/WindowsException'{0x00000000d5ad47a0}> (0x00000000d5ad47a0) 
thrown [s\src\hotspot\share\prims\jni.cpp, line 520]
Event: 65.490 Thread 0x000001c418989030 Exception <a 'java/lang/NoSuchMethodError'{0x00000000d5f3f090}: 'java.lang.Object java.lang.invoke.DirectMethodHandle$Holder.invokeStatic(java.lang.Object, java.lang.Object, int, java.lang.Object)'> (0x00000000d5f3f090) 
thrown [s\src\hotspot\share\interpreter\linkResolver.cpp, line 773]
Event: 65.491 Thread 0x000001c418989030 Exception <a 'java/lang/NoSuchMethodError'{0x00000000d5f57098}: 'java.lang.Object java.lang.invoke.DirectMethodHandle$Holder.newInvokeSpecial(java.lang.Object, java.lang.Object, int)'> (0x00000000d5f57098) 
thrown [s\src\hotspot\share\interpreter\linkResolver.cpp, line 773]
Event: 65.535 Thread 0x000001c418989030 Exception <a 'java/io/FileNotFoundException'{0x00000000d6377b58}> (0x00000000d6377b58) 
thrown [s\src\hotspot\share\prims\jni.cpp, line 520]
Event: 65.536 Thread 0x000001c418989030 Exception <a 'java/io/FileNotFoundException'{0x00000000d6378f18}> (0x00000000d6378f18) 
thrown [s\src\hotspot\share\prims\jni.cpp, line 520]
Event: 65.572 Thread 0x000001c419327a20 Exception <a 'java/lang/IncompatibleClassChangeError'{0x00000000d64b6700}: Found class java.lang.Object, but interface was expected> (0x00000000d64b6700) 
thrown [s\src\hotspot\share\interpreter\linkResolver.cpp, line 840]
Event: 75.350 Thread 0x000001c4181ceff0 Exception <a 'java/lang/NoSuchMethodError'{0x00000000d5726238}: static Lorg/gradle/api/GradleException;.<clinit>()V> (0x00000000d5726238) 
thrown [s\src\hotspot\share\prims\jni.cpp, line 1111]
Event: 75.353 Thread 0x000001c4181ceff0 Exception <a 'java/lang/NoSuchMethodError'{0x00000000d57657f0}: static Lorg/gradle/internal/UncheckedException;.<clinit>()V> (0x00000000d57657f0) 
thrown [s\src\hotspot\share\prims\jni.cpp, line 1111]
Event: 75.358 Thread 0x000001c4181ceff0 Exception <a 'java/lang/NoSuchMethodError'{0x00000000d57e3920}: static Lorg/gradle/internal/exceptions/DefaultMultiCauseException;.<clinit>()V> (0x00000000d57e3920) 
thrown [s\src\hotspot\share\prims\jni.cpp, line 1111]
Event: 75.358 Thread 0x000001c4181ceff0 Exception <a 'java/lang/NoSuchMethodError'{0x00000000d57e7a68}: static Lorg/gradle/api/ProjectConfigurationException;.<clinit>()V> (0x00000000d57e7a68) 
thrown [s\src\hotspot\share\prims\jni.cpp, line 1111]
Event: 332.282 Thread 0x000001c4162c09a0 Exception <a 'java/lang/NoSuchMethodError'{0x00000000d5caa210}: 'java.lang.Object java.lang.invoke.DirectMethodHandle$Holder.newInvokeSpecial(java.lang.Object, java.lang.Object, java.lang.Object, java.lang.Object, java.lang.Object, java.lang.Object, java.lang.Object, java.lang.Object)'> (0x00000000d5caa210) 
thrown [s\src\hotspot\share\interpreter\linkResolver.cpp, line 773]

ZGC Phase Switch (0 events):
No events

VM Operations (20 events):
Event: 1563.611 Executing non-safepoint VM operation: HandshakeAllThreads (HandshakeForDeflation)
Event: 1563.611 Executing non-safepoint VM operation: HandshakeAllThreads (HandshakeForDeflation) done
Event: 1563.612 Executing non-safepoint VM operation: RendezvousGCThreads
Event: 1563.612 Executing non-safepoint VM operation: RendezvousGCThreads done
Event: 1684.067 Executing non-safepoint VM operation: HandshakeAllThreads (HandshakeForDeflation)
Event: 1684.067 Executing non-safepoint VM operation: HandshakeAllThreads (HandshakeForDeflation) done
Event: 1684.067 Executing non-safepoint VM operation: RendezvousGCThreads
Event: 1684.067 Executing non-safepoint VM operation: RendezvousGCThreads done
Event: 1804.463 Executing non-safepoint VM operation: HandshakeAllThreads (HandshakeForDeflation)
Event: 1804.463 Executing non-safepoint VM operation: HandshakeAllThreads (HandshakeForDeflation) done
Event: 1804.463 Executing non-safepoint VM operation: RendezvousGCThreads
Event: 1804.463 Executing non-safepoint VM operation: RendezvousGCThreads done
Event: 1864.524 Executing non-safepoint VM operation: HandshakeAllThreads (HandshakeForDeflation)
Event: 1864.556 Executing non-safepoint VM operation: HandshakeAllThreads (HandshakeForDeflation) done
Event: 1864.556 Executing non-safepoint VM operation: RendezvousGCThreads
Event: 1864.556 Executing non-safepoint VM operation: RendezvousGCThreads done
Event: 1924.556 Executing non-safepoint VM operation: HandshakeAllThreads (HandshakeForDeflation)
Event: 1924.556 Executing non-safepoint VM operation: HandshakeAllThreads (HandshakeForDeflation) done
Event: 1924.556 Executing non-safepoint VM operation: RendezvousGCThreads
Event: 1924.556 Executing non-safepoint VM operation: RendezvousGCThreads done

Memory protections (0 events):
No events

Nmethod flushes (20 events):
Event: 29.508 Thread 0x000001c3b7d81490 flushing  nmethod 0x000001c3bb7b8610
Event: 29.508 Thread 0x000001c3b7d81490 flushing  nmethod 0x000001c3bb819290
Event: 29.508 Thread 0x000001c3b7d81490 flushing  nmethod 0x000001c3bb824490
Event: 29.508 Thread 0x000001c3b7d81490 flushing  nmethod 0x000001c3bb829210
Event: 29.508 Thread 0x000001c3b7d81490 flushing  nmethod 0x000001c3bb829810
Event: 29.508 Thread 0x000001c3b7d81490 flushing  nmethod 0x000001c3bb842c90
Event: 29.508 Thread 0x000001c3b7d81490 flushing  nmethod 0x000001c3bb846810
Event: 29.508 Thread 0x000001c3b7d81490 flushing  nmethod 0x000001c3bb848090
Event: 29.508 Thread 0x000001c3b7d81490 flushing  nmethod 0x000001c3bb848690
Event: 29.508 Thread 0x000001c3b7d81490 flushing  nmethod 0x000001c3bb84cb10
Event: 29.508 Thread 0x000001c3b7d81490 flushing  nmethod 0x000001c3bb84ed10
Event: 29.508 Thread 0x000001c3b7d81490 flushing  nmethod 0x000001c3bb867390
Event: 29.508 Thread 0x000001c3b7d81490 flushing  nmethod 0x000001c3bb876710
Event: 29.508 Thread 0x000001c3b7d81490 flushing  nmethod 0x000001c3bb877d10
Event: 29.508 Thread 0x000001c3b7d81490 flushing  nmethod 0x000001c3bb892190
Event: 29.508 Thread 0x000001c3b7d81490 flushing  nmethod 0x000001c3bb8a1110
Event: 29.508 Thread 0x000001c3b7d81490 flushing  nmethod 0x000001c3bb8a2190
Event: 29.508 Thread 0x000001c3b7d81490 flushing  nmethod 0x000001c3bb8ebd90
Event: 29.508 Thread 0x000001c3b7d81490 flushing  nmethod 0x000001c3bb902c10
Event: 29.508 Thread 0x000001c3b7d81490 flushing  nmethod 0x000001c3bb90f610

Events (20 events):
Event: 75.344 Thread 0x000001c4181cc200 Thread exited: 0x000001c4181cc200
Event: 75.346 Thread 0x000001c4181cf680 Thread exited: 0x000001c4181cf680
Event: 75.359 Thread 0x000001c4181ceff0 Thread exited: 0x000001c4181ceff0
Event: 90.262 Thread 0x000001c4189889a0 Thread exited: 0x000001c4189889a0
Event: 90.262 Thread 0x000001c418986f60 Thread exited: 0x000001c418986f60
Event: 90.268 Thread 0x000001c418988310 Thread exited: 0x000001c418988310
Event: 125.611 Thread 0x000001c4181ca7c0 Thread exited: 0x000001c4181ca7c0
Event: 126.938 Thread 0x000001c419323880 Thread exited: 0x000001c419323880
Event: 126.938 Thread 0x000001c419329460 Thread exited: 0x000001c419329460
Event: 126.938 Thread 0x000001c41932a180 Thread exited: 0x000001c41932a180
Event: 135.474 Thread 0x000001c418989030 Thread exited: 0x000001c418989030
Event: 135.524 Thread 0x000001c4162c0310 Thread exited: 0x000001c4162c0310
Event: 136.861 Thread 0x000001c4162c16c0 Thread exited: 0x000001c4162c16c0
Event: 185.611 Thread 0x000001c4181ccf20 Thread exited: 0x000001c4181ccf20
Event: 245.611 Thread 0x000001c4181ce2d0 Thread exited: 0x000001c4181ce2d0
Event: 305.613 Thread 0x000001c4181cdc40 Thread exited: 0x000001c4181cdc40
Event: 332.022 Thread 0x000001c4162c09a0 Thread added: 0x000001c4181ccf20
Event: 332.074 Thread 0x000001c4181ccf20 Thread exited: 0x000001c4181ccf20
Event: 332.186 Thread 0x000001c4162c09a0 Thread added: 0x000001c4181ccf20
Event: 332.190 Thread 0x000001c4181ccf20 Thread exited: 0x000001c4181ccf20


Dynamic libraries:
0x00007ff7798a0000 - 0x00007ff7798ae000 	c:\Users\moham\.cursor\extensions\redhat.java-1.53.0-win32-x64\jre\21.0.10-win32-x86_64\bin\java.exe
0x00007ffe2e9c0000 - 0x00007ffe2ec27000 	C:\WINDOWS\SYSTEM32\ntdll.dll
0x00007ffe2e8b0000 - 0x00007ffe2e979000 	C:\WINDOWS\System32\KERNEL32.DLL
0x00007ffe2c110000 - 0x00007ffe2c4ff000 	C:\WINDOWS\System32\KERNELBASE.dll
0x00007ffe2bfc0000 - 0x00007ffe2c10b000 	C:\WINDOWS\System32\ucrtbase.dll
0x00007ffe0bf00000 - 0x00007ffe0bf1e000 	c:\Users\moham\.cursor\extensions\redhat.java-1.53.0-win32-x64\jre\21.0.10-win32-x86_64\bin\VCRUNTIME140.dll
0x00007ffe0df00000 - 0x00007ffe0df18000 	c:\Users\moham\.cursor\extensions\redhat.java-1.53.0-win32-x64\jre\21.0.10-win32-x86_64\bin\jli.dll
0x00007ffe2dac0000 - 0x00007ffe2dc85000 	C:\WINDOWS\System32\USER32.dll
0x00007ffe0e280000 - 0x00007ffe0e513000 	C:\WINDOWS\WinSxS\amd64_microsoft.windows.common-controls_6595b64144ccf1df_6.0.26100.7309_none_3e05feeae336a044\COMCTL32.dll
0x00007ffe2c680000 - 0x00007ffe2c6a7000 	C:\WINDOWS\System32\win32u.dll
0x00007ffe2d9b0000 - 0x00007ffe2d9db000 	C:\WINDOWS\System32\GDI32.dll
0x00007ffe2c760000 - 0x00007ffe2c809000 	C:\WINDOWS\System32\msvcrt.dll
0x00007ffe2be90000 - 0x00007ffe2bfbc000 	C:\WINDOWS\System32\gdi32full.dll
0x00007ffe2bb10000 - 0x00007ffe2bbb3000 	C:\WINDOWS\System32\msvcp_win.dll
0x00007ffe2c810000 - 0x00007ffe2c841000 	C:\WINDOWS\System32\IMM32.DLL
0x00007ffe20640000 - 0x00007ffe2064c000 	c:\Users\moham\.cursor\extensions\redhat.java-1.53.0-win32-x64\jre\21.0.10-win32-x86_64\bin\vcruntime140_1.dll
0x00007ffe02c20000 - 0x00007ffe02cad000 	c:\Users\moham\.cursor\extensions\redhat.java-1.53.0-win32-x64\jre\21.0.10-win32-x86_64\bin\msvcp140.dll
0x00007ffd47f90000 - 0x00007ffd48d31000 	c:\Users\moham\.cursor\extensions\redhat.java-1.53.0-win32-x64\jre\21.0.10-win32-x86_64\bin\server\jvm.dll
0x00007ffe2cce0000 - 0x00007ffe2cd94000 	C:\WINDOWS\System32\ADVAPI32.dll
0x00007ffe2d8d0000 - 0x00007ffe2d976000 	C:\WINDOWS\System32\sechost.dll
0x00007ffe2dec0000 - 0x00007ffe2dfd8000 	C:\WINDOWS\System32\RPCRT4.dll
0x00007ffe2d630000 - 0x00007ffe2d6a4000 	C:\WINDOWS\System32\WS2_32.dll
0x00007ffe2b970000 - 0x00007ffe2b9ce000 	C:\WINDOWS\SYSTEM32\POWRPROF.dll
0x00007ffe11cb0000 - 0x00007ffe11ce5000 	C:\WINDOWS\SYSTEM32\WINMM.dll
0x00007ffe1ce70000 - 0x00007ffe1ce7b000 	C:\WINDOWS\SYSTEM32\VERSION.dll
0x00007ffe2b950000 - 0x00007ffe2b964000 	C:\WINDOWS\SYSTEM32\UMPDC.dll
0x00007ffe2a8c0000 - 0x00007ffe2a8db000 	C:\WINDOWS\SYSTEM32\kernel.appcore.dll
0x00007ffe0f8f0000 - 0x00007ffe0f8fa000 	c:\Users\moham\.cursor\extensions\redhat.java-1.53.0-win32-x64\jre\21.0.10-win32-x86_64\bin\jimage.dll
0x00007ffe29210000 - 0x00007ffe29452000 	C:\WINDOWS\SYSTEM32\DBGHELP.DLL
0x00007ffe2cdb0000 - 0x00007ffe2d135000 	C:\WINDOWS\System32\combase.dll
0x00007ffe2d9e0000 - 0x00007ffe2dab6000 	C:\WINDOWS\System32\OLEAUT32.dll
0x00007ffe0b1f0000 - 0x00007ffe0b22c000 	C:\WINDOWS\SYSTEM32\dbgcore.DLL
0x00007ffe2c6b0000 - 0x00007ffe2c755000 	C:\WINDOWS\System32\bcryptPrimitives.dll
0x00007ffe0f880000 - 0x00007ffe0f88f000 	c:\Users\moham\.cursor\extensions\redhat.java-1.53.0-win32-x64\jre\21.0.10-win32-x86_64\bin\instrument.dll
0x00007ffe0bdf0000 - 0x00007ffe0be10000 	c:\Users\moham\.cursor\extensions\redhat.java-1.53.0-win32-x64\jre\21.0.10-win32-x86_64\bin\java.dll
0x00007ffe2dfe0000 - 0x00007ffe2e733000 	C:\WINDOWS\System32\SHELL32.dll
0x00007ffe2c510000 - 0x00007ffe2c67a000 	C:\WINDOWS\System32\wintypes.dll
0x00007ffe296e0000 - 0x00007ffe29f3e000 	C:\WINDOWS\SYSTEM32\windows.storage.dll
0x00007ffe2e7b0000 - 0x00007ffe2e8a5000 	C:\WINDOWS\System32\SHCORE.dll
0x00007ffe2e740000 - 0x00007ffe2e7a6000 	C:\WINDOWS\System32\shlwapi.dll
0x00007ffe2ba30000 - 0x00007ffe2ba59000 	C:\WINDOWS\SYSTEM32\profapi.dll
0x00007ffe0bdd0000 - 0x00007ffe0bde8000 	c:\Users\moham\.cursor\extensions\redhat.java-1.53.0-win32-x64\jre\21.0.10-win32-x86_64\bin\zip.dll
0x00007ffe0ef80000 - 0x00007ffe0ef90000 	C:\Users\moham\.cursor\extensions\redhat.java-1.53.0-win32-x64\jre\21.0.10-win32-x86_64\bin\net.dll
0x00007ffe1ca10000 - 0x00007ffe1cb38000 	C:\WINDOWS\SYSTEM32\WINHTTP.dll
0x00007ffe2ae30000 - 0x00007ffe2ae9b000 	C:\WINDOWS\system32\mswsock.dll
0x00007ffe0bab0000 - 0x00007ffe0bac6000 	C:\Users\moham\.cursor\extensions\redhat.java-1.53.0-win32-x64\jre\21.0.10-win32-x86_64\bin\nio.dll
0x00007ffe0ddd0000 - 0x00007ffe0dde0000 	c:\Users\moham\.cursor\extensions\redhat.java-1.53.0-win32-x64\jre\21.0.10-win32-x86_64\bin\verify.dll
0x00007ffe0f890000 - 0x00007ffe0f8d5000 	C:\Users\moham\AppData\Roaming\Cursor\User\globalStorage\redhat.java\1.53.0\config_win\org.eclipse.equinox.launcher\org.eclipse.equinox.launcher.win32.win32.x86_64_1.3.0.v20260203-2149\eclipse_11919.dll
0x00007ffe2d320000 - 0x00007ffe2d4b7000 	C:\WINDOWS\System32\ole32.dll
0x00007ffe2b0f0000 - 0x00007ffe2b10b000 	C:\WINDOWS\SYSTEM32\CRYPTSP.dll
0x00007ffe2a820000 - 0x00007ffe2a85a000 	C:\WINDOWS\system32\rsaenh.dll
0x00007ffe2aee0000 - 0x00007ffe2af0b000 	C:\WINDOWS\SYSTEM32\USERENV.dll
0x00007ffe2ba00000 - 0x00007ffe2ba2a000 	C:\WINDOWS\SYSTEM32\bcrypt.dll
0x00007ffe2b110000 - 0x00007ffe2b11c000 	C:\WINDOWS\SYSTEM32\CRYPTBASE.dll
0x00007ffe2a2d0000 - 0x00007ffe2a304000 	C:\WINDOWS\SYSTEM32\IPHLPAPI.DLL
0x00007ffe2deb0000 - 0x00007ffe2deba000 	C:\WINDOWS\System32\NSI.dll
0x00007ffe263e0000 - 0x00007ffe26429000 	C:\Users\moham\AppData\Local\Temp\jna-104073650\jna16086424844424700003.dll
0x00007ffe2cda0000 - 0x00007ffe2cda8000 	C:\WINDOWS\System32\PSAPI.DLL
0x00007ffe23820000 - 0x00007ffe2383e000 	C:\WINDOWS\SYSTEM32\dhcpcsvc6.DLL
0x00007ffe237f0000 - 0x00007ffe23813000 	C:\WINDOWS\SYSTEM32\dhcpcsvc.DLL
0x00007ffe0f920000 - 0x00007ffe0f92e000 	C:\Users\moham\.cursor\extensions\redhat.java-1.53.0-win32-x64\jre\21.0.10-win32-x86_64\bin\sunmscapi.dll
0x00007ffe2bd10000 - 0x00007ffe2be87000 	C:\WINDOWS\System32\CRYPT32.dll
0x00007ffe2b310000 - 0x00007ffe2b340000 	C:\WINDOWS\SYSTEM32\ncrypt.dll
0x00007ffe2b2c0000 - 0x00007ffe2b2ff000 	C:\WINDOWS\SYSTEM32\NTASN1.dll
0x00007ffe2a370000 - 0x00007ffe2a49c000 	C:\WINDOWS\SYSTEM32\DNSAPI.dll
0x00007ffe1ce60000 - 0x00007ffe1ce6b000 	C:\Windows\System32\rasadhlp.dll
0x00007ffe23b00000 - 0x00007ffe23b86000 	C:\WINDOWS\System32\fwpuclnt.dll
0x00007ffe0f910000 - 0x00007ffe0f919000 	C:\Users\moham\.cursor\extensions\redhat.java-1.53.0-win32-x64\jre\21.0.10-win32-x86_64\bin\extnet.dll
0x00007ffe0c750000 - 0x00007ffe0c777000 	C:\Users\moham\.gradle\native\68d5fa5c4cc2d200863cafc0d521ce42e7d3e7ee720ec0a83991735586a16f82\windows-amd64\native-platform.dll
0x00007ffe0f940000 - 0x00007ffe0f94a000 	C:\Users\moham\.cursor\extensions\redhat.java-1.53.0-win32-x64\jre\21.0.10-win32-x86_64\bin\management.dll
0x00007ffe0f930000 - 0x00007ffe0f93c000 	C:\Users\moham\.cursor\extensions\redhat.java-1.53.0-win32-x64\jre\21.0.10-win32-x86_64\bin\management_ext.dll
0x00007ffd64b10000 - 0x00007ffd64b18000 	C:\WINDOWS\system32\wshunix.dll

JVMTI agents:
c:\Users\moham\.cursor\extensions\redhat.java-1.53.0-win32-x64\lombok\lombok-1.18.39-4050.jar path:c:\Users\moham\.cursor\extensions\redhat.java-1.53.0-win32-x64\jre\21.0.10-win32-x86_64\bin\instrument.dll, loaded, initialized, instrumentlib options:none

dbghelp: loaded successfully - version: 4.0.5 - missing functions: none
symbol engine: initialized successfully - sym options: 0x614 - pdb path: .;c:\Users\moham\.cursor\extensions\redhat.java-1.53.0-win32-x64\jre\21.0.10-win32-x86_64\bin;C:\WINDOWS\SYSTEM32;C:\WINDOWS\WinSxS\amd64_microsoft.windows.common-controls_6595b64144ccf1df_6.0.26100.7309_none_3e05feeae336a044;c:\Users\moham\.cursor\extensions\redhat.java-1.53.0-win32-x64\jre\21.0.10-win32-x86_64\bin\server;C:\Users\moham\AppData\Roaming\Cursor\User\globalStorage\redhat.java\1.53.0\config_win\org.eclipse.equinox.launcher\org.eclipse.equinox.launcher.win32.win32.x86_64_1.3.0.v20260203-2149;C:\Users\moham\AppData\Local\Temp\jna-104073650;C:\Users\moham\.gradle\native\68d5fa5c4cc2d200863cafc0d521ce42e7d3e7ee720ec0a83991735586a16f82\windows-amd64

VM Arguments:
jvm_args: --add-modules=ALL-SYSTEM --add-opens=java.base/java.util=ALL-UNNAMED --add-opens=java.base/java.lang=ALL-UNNAMED --add-opens=java.base/sun.nio.fs=ALL-UNNAMED -Declipse.application=org.eclipse.jdt.ls.core.id1 -Dosgi.bundles.defaultStartLevel=4 -Declipse.product=org.eclipse.jdt.ls.core.product -Djava.import.generatesMetadataFilesAtProjectRoot=false -DDetectVMInstallationsJob.disabled=true -Dfile.encoding=utf8 -XX:+UseParallelGC -XX:GCTimeRatio=4 -XX:AdaptiveSizePolicyWeight=90 -Dsun.zip.disableMemoryMapping=true -Xmx2G -Xms100m -Xlog:disable -javaagent:c:\Users\moham\.cursor\extensions\redhat.java-1.53.0-win32-x64\lombok\lombok-1.18.39-4050.jar -XX:+HeapDumpOnOutOfMemoryError -XX:HeapDumpPath=c:\Users\moham\AppData\Roaming\Cursor\User\workspaceStorage\c7de12cd94fc7e9a986f03314c767550\redhat.java -Daether.dependencyCollector.impl=bf 
java_command: c:\Users\moham\.cursor\extensions\redhat.java-1.53.0-win32-x64\server\plugins\org.eclipse.equinox.launcher_1.7.100.v20251111-0406.jar -configuration c:\Users\moham\AppData\Roaming\Cursor\User\globalStorage\redhat.java\1.53.0\config_win -data c:\Users\moham\AppData\Roaming\Cursor\User\workspaceStorage\c7de12cd94fc7e9a986f03314c767550\redhat.java\jdt_ws --pipe=\\.\pipe\lsp-4138f70e804b02e33fd2a376e4e4a0d5-sock
java_class_path (initial): c:\Users\moham\.cursor\extensions\redhat.java-1.53.0-win32-x64\server\plugins\org.eclipse.equinox.launcher_1.7.100.v20251111-0406.jar
Launcher Type: SUN_STANDARD

[Global flags]
    uintx AdaptiveSizePolicyWeight                 = 90                                        {product} {command line}
     intx CICompilerCount                          = 4                                         {product} {ergonomic}
    uintx GCTimeRatio                              = 4                                         {product} {command line}
     bool HeapDumpOnOutOfMemoryError               = true                                   {manageable} {command line}
    ccstr HeapDumpPath                             = c:\Users\moham\AppData\Roaming\Cursor\User\workspaceStorage\c7de12cd94fc7e9a986f03314c767550\redhat.java         {manageable} {command line}
   size_t InitialHeapSize                          = 104857600                                 {product} {command line}
   size_t MaxHeapSize                              = 2147483648                                {product} {command line}
   size_t MaxNewSize                               = 715653120                                 {product} {ergonomic}
   size_t MinHeapDeltaBytes                        = 524288                                    {product} {ergonomic}
   size_t MinHeapSize                              = 104857600                                 {product} {command line}
   size_t NewSize                                  = 34603008                                  {product} {ergonomic}
    uintx NonNMethodCodeHeapSize                   = 5839372                                {pd product} {ergonomic}
    uintx NonProfiledCodeHeapSize                  = 122909434                              {pd product} {ergonomic}
   size_t OldSize                                  = 70254592                                  {product} {ergonomic}
    uintx ProfiledCodeHeapSize                     = 122909434                              {pd product} {ergonomic}
    uintx ReservedCodeCacheSize                    = 251658240                              {pd product} {ergonomic}
     bool SegmentedCodeCache                       = true                                      {product} {ergonomic}
   size_t SoftMaxHeapSize                          = 2147483648                             {manageable} {ergonomic}
     bool UseCompressedOops                        = true                           {product lp64_product} {ergonomic}
     bool UseLargePagesIndividualAllocation        = false                                  {pd product} {ergonomic}
     bool UseParallelGC                            = true                                      {product} {command line}

Logging:
Log output configuration:
 #0: stdout all=off uptime,level,tags foldmultilines=false
 #1: stderr all=off uptime,level,tags foldmultilines=false

Release file:
JAVA_VERSION="21.0.10" 
MODULES="java.base java.compiler java.datatransfer java.xml java.prefs java.desktop java.instrument java.logging java.management java.security.sasl java.naming java.rmi java.management.rmi java.net.http java.scripting java.security.jgss java.transaction.xa java.sql java.sql.rowset java.xml.crypto java.se java.smartcardio jdk.accessibility jdk.internal.jvmstat jdk.attach jdk.charsets jdk.internal.opt jdk.zipfs jdk.compiler jdk.crypto.ec jdk.crypto.cryptoki jdk.crypto.mscapi jdk.dynalink jdk.internal.ed jdk.editpad jdk.hotspot.agent jdk.httpserver jdk.internal.le jdk.internal.vm.ci jdk.internal.vm.compiler jdk.internal.vm.compiler.management jdk.jartool jdk.javadoc jdk.jcmd jdk.management jdk.management.agent jdk.jconsole jdk.jdeps jdk.jdwp.agent jdk.jdi jdk.jfr jdk.jshell jdk.jsobject jdk.jstatd jdk.localedata jdk.management.jfr jdk.naming.dns jdk.naming.rmi jdk.net jdk.nio.mapmode jdk.random jdk.sctp jdk.security.auth jdk.security.jgss jdk.unsupported jdk.unsupported.desktop jdk.xml.dom" 

Environment Variables:
PATH=C:\Program Files\Eclipse Adoptium\jdk-17.0.18.8-hotspot\bin;C:\Program Files\Common Files\Oracle\Java\javapath;C:\Users\moham\AppData\Local\Programs\Python\Python313\Scripts\;C:\Users\moham\AppData\Local\Programs\Python\Python313\;C:\WINDOWS\system32;C:\WINDOWS;C:\WINDOWS\System32\Wbem;C:\WINDOWS\System32\WindowsPowerShell\v1.0\;C:\WINDOWS\System32\OpenSSH\;C:\Program Files\HP\HP One Agent;C:\WINDOWS\system32;C:\WINDOWS;C:\WINDOWS\System32\Wbem;C:\WINDOWS\System32\WindowsPowerShell\v1.0\;C:\WINDOWS\System32\OpenSSH\;C:\Program Files\Git\cmd;C:\Program Files (x86)\dotnet\;C:\MAMP\bin\php\php8.3.1;C:\ProgramData\ComposerSetup\bin;C:\Program Files\dotnet\;C:\Program Files\nodejs\;C:\ProgramData\chocolatey\bin;c:\Users\moham\AppData\Local\Programs\cursor\resources\app\codeBin;C:\Users\moham\AppData\Local\Programs\Python\Python310\Scripts\;C:\Users\moham\AppData\Local\Programs\Python\Python310\;C:\Users\moham\AppData\Local\Programs\Python\Python311\Scripts\;C:\Users\moham\AppData\Local\Programs\Python\Python311\;C:\Users\moham\AppData\Local\Programs\Python\Python313\Scripts\;C:\Users\moham\AppData\Local\Programs\Python\Python313\;C:\Users\moham\AppData\Local\Programs\Python\Launcher\;C:\Users\moham\AppData\Local\Microsoft\WindowsApps;C:\DossierVirtualstudioCode\Microsoft VS Code\bin;C:\Users\moham\AppData\Roaming\Composer\vendor\bin;C:\Users\moham\AppData\Local\Programs\cursor\resources\app\bin;C:\Users\moham\AppData\Roaming\npm
USERNAME=moham
OS=Windows_NT
PROCESSOR_IDENTIFIER=Intel64 Family 6 Model 140 Stepping 1, GenuineIntel
TMP=C:\Users\moham\AppData\Local\Temp
TEMP=C:\Users\moham\AppData\Local\Temp




Periodic native trim disabled

---------------  S Y S T E M  ---------------

OS:
 Windows 11 , 64 bit Build 26100 (10.0.26100.7309)
OS uptime: 0 days 11:41 hours
Hyper-V role detected

CPU: total 8 (initial active 8) (4 cores per cpu, 2 threads per core) family 6 model 140 stepping 1 microcode 0xb4, cx8, cmov, fxsr, ht, mmx, 3dnowpref, sse, sse2, sse3, ssse3, sse4.1, sse4.2, popcnt, lzcnt, tsc, tscinvbit, avx, avx2, aes, erms, clmul, bmi1, bmi2, adx, avx512f, avx512dq, avx512cd, avx512bw, avx512vl, sha, fma, vzeroupper, avx512_vpopcntdq, avx512_vpclmulqdq, avx512_vaes, avx512_vnni, clflush, clflushopt, clwb, avx512_vbmi2, avx512_vbmi, hv, rdtscp, rdpid, fsrm, gfni, avx512_bitalg, f16c, cet_ibt, cet_ss, avx512_ifma
Processor Information for the first 8 processors :
  Max Mhz: 2419, Current Mhz: 2419, Mhz Limit: 2419

Memory: 4k page, system-wide physical 7831M (1267M free)
TotalPageFile size 19793M (AvailPageFile size 1103M)
current process WorkingSet (physical memory assigned to process): 8M, peak: 297M
current process commit charge ("private bytes"): 359M, peak: 397M

vm_info: OpenJDK 64-Bit Server VM (21.0.10+7-LTS) for windows-amd64 JRE (21.0.10+7-LTS), built on 2026-01-20T00:00:00Z by "admin" with MS VC++ 17.12 (VS2022)

END.
